#
# A fatal error has been detected by the Java Runtime Environment:
#
#  EXCEPTION_ACCESS_VIOLATION (0xc0000005) at pc=0x000002a4c909eb3f, pid=8328, tid=31732
#
# JRE version: OpenJDK Runtime Environment Temurin-17.0.5+8 (17.0.5+8) (build 17.0.5+8)
# Java VM: OpenJDK 64-Bit Server VM Temurin-17.0.5+8 (17.0.5+8, mixed mode, tiered, compressed oops, compressed class ptrs, parallel gc, windows-amd64)
# Problematic frame:
# J 7614 c2 java.util.concurrent.ConcurrentHashMap.computeIfAbsent(Ljava/lang/Object;Ljava/util/function/Function;)Ljava/lang/Object; java.base@17.0.5 (578 bytes) @ 0x000002a4c909eb3f [0x000002a4c909e240+0x00000000000008ff]
#
# No core dump will be written. Minidumps are not enabled by default on client versions of Windows
#
# If you would like to submit a bug report, please visit:
#   https://github.com/adoptium/adoptium-support/issues
#

---------------  S U M M A R Y ------------

Command Line: --add-modules=ALL-SYSTEM --add-opens=java.base/java.util=ALL-UNNAMED --add-opens=java.base/java.lang=ALL-UNNAMED --add-opens=java.base/sun.nio.fs=ALL-UNNAMED -Declipse.application=org.eclipse.jdt.ls.core.id1 -Dosgi.bundles.defaultStartLevel=4 -Declipse.product=org.eclipse.jdt.ls.core.product -Djava.import.generatesMetadataFilesAtProjectRoot=false -Dfile.encoding=utf8 -XX:+UseParallelGC -XX:GCTimeRatio=4 -XX:AdaptiveSizePolicyWeight=90 -Dsun.zip.disableMemoryMapping=true -Xmx1G -Xms100m -Xlog:disable -javaagent:c:\Users\dalto\.vscode\extensions\redhat.java-1.13.0-win32-x64\lombok\lombok-1.18.24.jar -XX:+HeapDumpOnOutOfMemoryError -XX:HeapDumpPath=c:\Users\dalto\AppData\Roaming\Code\User\workspaceStorage\09293175bc0bf76cdb84993f679abf5d\redhat.java c:\Users\dalto\.vscode\extensions\redhat.java-1.13.0-win32-x64\server\plugins\org.eclipse.equinox.launcher_1.6.400.v20210924-0641.jar -configuration c:\Users\dalto\AppData\Roaming\Code\User\globalStorage\redhat.java\1.13.0\config_win -data c:\Users\dalto\AppData\Roaming\Code\User\workspaceStorage\09293175bc0bf76cdb84993f679abf5d\redhat.java\jdt_ws

Host: Intel(R) Core(TM) i7-10750H CPU @ 2.60GHz, 12 cores, 15G,  Windows 10 , 64 bit Build 19041 (10.0.19041.2251)
Time: Fri Dec  2 18:24:42 2022 Mountain Standard Time elapsed time: 400.138488 seconds (0d 0h 6m 40s)

---------------  T H R E A D  ---------------

Current thread (0x000002a4d9405ad0):  JavaThread "Java indexing" daemon [_thread_in_Java, id=31732, stack(0x000000beab900000,0x000000beaba00000)]

Stack: [0x000000beab900000,0x000000beaba00000],  sp=0x000000beab9ff190,  free space=1020k
Native frames: (J=compiled Java code, j=interpreted, Vv=VM code, C=native code)
C  0x000002a4c909eb3f


siginfo: EXCEPTION_ACCESS_VIOLATION (0xc0000005), reading address 0x0000000000000015


Register to memory mapping:

RIP=0x000002a4c909eb3f is at entry_point+2303 in (nmethod*)0x000002a4c909e010
RAX=0x000002a4bdff1000 points into unknown readable memory: 0x0000000000000000 | 00 00 00 00 00 00 00 00
RBX=0x00000000c1d35670 is an oop: java.util.concurrent.ConcurrentHashMap$Node 
{0x00000000c1d35670} - klass: 'java/util/concurrent/ConcurrentHashMap$Node'
 - ---- fields (total size 4 words):
 - final 'hash' 'I' @12  1323446696 (4ee231a8)
 - final 'key' 'Ljava/lang/Object;' @16  a 'jdk/internal/jrtfs/JrtPath'{0x00000000c1d35690} (c1d35690)
 - volatile 'val' 'Ljava/lang/Object;' @20  a 'java/util/Optional'{0x00000000c0001530} (c0001530)
 - volatile 'next' 'Ljava/util/concurrent/ConcurrentHashMap$Node;' @24  
[error occurred during error reporting (printing register info), id 0xc0000005, EXCEPTION_ACCESS_VIOLATION (0xc0000005) at pc=0x00007ffa8df92f53]

Registers:
RAX=0x000002a4bdff1000, RBX=0x00000000c1d35670, RCX=0x00000000c1d35670, RDX=0x0000000000000001
RSP=0x000000beab9ff190, RBP=0x0000000000000009, RSI=0x0000000000000009, RDI=0x00000000c111ee88
R8 =0x00000000000031a8, R9 =0x0000000000000003, R10=0x0000000000000000, R11=0x000000001beb31a8
R12=0x0000000000000000, R13=0x00000000c1d35670, R14=0x00000000ead44b10, R15=0x000002a4d9405ad0
RIP=0x000002a4c909eb3f, EFLAGS=0x0000000000010246

Top of Stack: (sp=0x000000beab9ff190)
0x000000beab9ff190:   00000000ead44a78 726a5c62696c5c32
0x000000beab9ff1a0:   00000000ead448c0 000002a4c96cbecc
0x000000beab9ff1b0:   00000000c0efc0a8 00000000c10f3180
0x000000beab9ff1c0:   00000000ead44bd8 0a298998c111ee88
0x000000beab9ff1d0:   0000000000000000 c0df3a7800000008
0x000000beab9ff1e0:   00000000c0df3a28 00000000ead44c20
0x000000beab9ff1f0:   000002a4c14e4060 000002a4d9405ad0
0x000000beab9ff200:   0000000000000007 00000000ead44c50
0x000000beab9ff210:   0000000000000000 00000000ead44c20
0x000000beab9ff220:   0000000000000009 0000007373616c63
0x000000beab9ff230:   00000000c0efc0a8 000002a4c976a6ac
0x000000beab9ff240:   00000000ead445f0 00007ffa8e000101
0x000000beab9ff250:   00000000ead00730 0000000000000009
0x000000beab9ff260:   00000035ead44c10 00000000ead44738
0x000000beab9ff270:   00000000ead44bd8 00000000ead44bf8
0x000000beab9ff280:   0000003500000035 00000000ead44c10 

Instructions: (pc=0x000002a4c909eb3f)
0x000002a4c909ea3f:   45 33 d2 41 b9 01 00 00 00 e9 f2 00 00 00 49 8b
0x000002a4c909ea4f:   c2 e9 a1 f9 ff ff 8b 75 10 48 8b de 48 8b 44 24
0x000002a4c909ea5f:   30 48 3b d8 0f 84 b9 00 00 00 85 f6 0f 84 da 00
0x000002a4c909ea6f:   00 00 44 89 4c 24 68 44 89 54 24 64 4c 89 6c 24
0x000002a4c909ea7f:   58 89 4c 24 60 48 89 7c 24 50 44 89 44 24 4c 89
0x000002a4c909ea8f:   54 24 48 c5 fa 11 5c 24 44 44 89 5c 24 40 48 ff
0x000002a4c909ea9f:   74 24 28 48 8f 44 24 38 48 ff 74 24 20 48 8f 44
0x000002a4c909eaaf:   24 28 48 ff 74 24 30 48 8f 44 24 20 4c 8b c6 48
0x000002a4c909eabf:   8b 54 24 30 66 90 48 b8 d8 45 52 00 01 00 00 00
0x000002a4c909eacf:   e8 6c e7 28 f9 85 c0 0f 84 ce 02 00 00 48 ff 74
0x000002a4c909eadf:   24 20 48 8f 44 24 30 48 ff 74 24 28 48 8f 44 24
0x000002a4c909eaef:   20 48 ff 74 24 38 48 8f 44 24 28 44 8b 5c 24 40
0x000002a4c909eaff:   c5 fa 10 5c 24 44 8b 54 24 48 44 8b 44 24 4c 48
0x000002a4c909eb0f:   8b 7c 24 50 4c 8b 6c 24 58 44 8b 54 24 64 44 8b
0x000002a4c909eb1f:   4c 24 68 8b 5d 14 48 8b cb e9 7c 01 00 00 66 66
0x000002a4c909eb2f:   90 49 8b 87 48 03 00 00 41 ff c1 48 8b ee 85 00
0x000002a4c909eb3f:   8b 75 0c 41 3b f3 0f 84 0a ff ff ff 8b 75 18 85
0x000002a4c909eb4f:   f6 75 de 44 89 4c 24 68 44 89 54 24 64 4c 89 6c
0x000002a4c909eb5f:   24 58 89 4c 24 60 48 89 7c 24 50 44 89 44 24 4c
0x000002a4c909eb6f:   89 54 24 48 c5 fa 11 5c 24 44 44 89 5c 24 40 48
0x000002a4c909eb7f:   ff 74 24 28 48 8f 44 24 38 48 ff 74 24 20 48 8f
0x000002a4c909eb8f:   44 24 28 48 ff 74 24 30 48 8f 44 24 20 48 8b 54
0x000002a4c909eb9f:   24 38 4c 8b 44 24 30 66 66 90 48 b8 e0 e8 b8 d6
0x000002a4c909ebaf:   a4 02 00 00 e8 30 07 51 f8 48 8b c8 0f 1f 44 00
0x000002a4c909ebbf:   00 48 85 c0 0f 84 0d 01 00 00 44 3b 65 18 0f 85
0x000002a4c909ebcf:   39 06 00 00 49 8b 87 08 01 00 00 4c 8b d0 49 83
0x000002a4c909ebdf:   c2 20 4d 3b 97 18 01 00 00 0f 83 4a 04 00 00 4d
0x000002a4c909ebef:   89 97 08 01 00 00 41 0f 0d 8a c0 00 00 00 48 c7
0x000002a4c909ebff:   00 01 00 00 00 c7 40 08 46 c4 00 20 44 89 60 0c
0x000002a4c909ec0f:   4c 89 60 10 4c 89 60 18 44 8b 5c 24 40 44 89 58
0x000002a4c909ec1f:   0c c5 fa 10 5c 24 44 c4 c1 79 7e da 44 89 50 10
0x000002a4c909ec2f:   4c 8b c1 44 89 40 14 4c 8b c0 4c 8b d0 49 c1 e8 


Stack slot to memory mapping:
stack at sp + 0 slots: 0x00000000ead44a78 points into unknown readable memory: 0x726a5c62696c5c32 | 32 5c 6c 69 62 5c 6a 72
stack at sp + 1 slots: 0x726a5c62696c5c32 is an unknown value
stack at sp + 2 slots: 0x00000000ead448c0 is an oop: org.eclipse.jdt.internal.compiler.util.Jdk 
{0x00000000ead448c0} - klass: 'org/eclipse/jdt/internal/compiler/util/Jdk'
 - ---- fields (total size 3 words):
 - final 'path' 'Ljava/lang/String;' @12  "C:\Program Files\Java\jdk-11.0.12"{0x00000000ead44a80} (ead44a80)
 - final 'release' 'Ljava/lang/String;' @16  "11.0.12"{0x00000000c0ec9258} (c0ec9258)
stack at sp + 3 slots: 0x000002a4c96cbecc is at entry_point+2636 in (nmethod*)0x000002a4c96cb210
stack at sp + 4 slots: 0x00000000c0efc0a8 is an oop: java.util.concurrent.ConcurrentHashMap 
{0x00000000c0efc0a8} - klass: 'java/util/concurrent/ConcurrentHashMap'
 - ---- fields (total size 8 words):
 - transient 'keySet' 'Ljava/util/Set;' @12  NULL (0)
 - transient 'values' 'Ljava/util/Collection;' @16  NULL (0)
 - private volatile transient 'sizeCtl' 'I' @20  12288 (3000)
 - private volatile transient 'baseCount' 'J' @24  2428 (97c 0)
 - private volatile transient 'transferIndex' 'I' @32  0
 - private volatile transient 'cellsBusy' 'I' @36  0
 - volatile transient 'table' '[Ljava/util/concurrent/ConcurrentHashMap$Node;' @40  a 'java/util/concurrent/ConcurrentHashMap$Node'[16384] {0x00000000c111ee88} (c111ee88)
 - private volatile transient 'nextTable' '[Ljava/util/concurrent/ConcurrentHashMap$Node;' @44  NULL (0)
 - private volatile transient 'counterCells' '[Ljava/util/concurrent/ConcurrentHashMap$CounterCell;' @48  NULL (0)
 - private transient 'keySet' 'Ljava/util/concurrent/ConcurrentHashMap$KeySetView;' @52  NULL (0)
 - private transient 'values' 'Ljava/util/concurrent/ConcurrentHashMap$ValuesView;' @56  NULL (0)
 - private transient 'entrySet' 'Ljava/util/concurrent/ConcurrentHashMap$EntrySetView;' @60  NULL (0)
stack at sp + 5 slots: 0x00000000c10f3180 is an oop: org.eclipse.jdt.internal.compiler.util.JrtFileSystem$$Lambda$245/0x0000000100536058 
{0x00000000c10f3180} - klass: 'org/eclipse/jdt/internal/compiler/util/JrtFileSystem$$Lambda$245+0x0000000100536058'
 - ---- fields (total size 2 words):
stack at sp + 6 slots: 0x00000000ead44bd8 is an oop: jdk.internal.jrtfs.JrtPath 
{0x00000000ead44bd8} - klass: 'jdk/internal/jrtfs/JrtPath'
 - ---- fields (total size 4 words):
 - final 'jrtfs' 'Ljdk/internal/jrtfs/JrtFileSystem;' @12  a 'jdk/internal/jrtfs/JrtFileSystem'{0x00000000c0dfe3e0} (c0dfe3e0)
 - private final 'path' 'Ljava/lang/String;' @16  "/modules/java.base/java/lang/reflect/Executable.class"{0x00000000ead44bf8} (ead44bf8)
 - private volatile 'offsets' '[I' @20  NULL (0)
 - private volatile 'resolved' 'Ljava/lang/String;' @24  NULL (0)
stack at sp + 7 slots: 0x0a298998c111ee88 is an unknown value

--------------------------------------------------------------------------------
[Constant Pool (empty)]

--------------------------------------------------------------------------------

[MachCode]
  0x000002a4c909e240: 448b 5208 | 49c1 e203 | 493b c20f | 852f e545 | f866 6690 | 0f1f 8400 | 0000 0000 | 6666 6690 
  0x000002a4c909e260: 8984 2400 | 90ff ff55 | 4881 eca0 | 0000 004c | 894c 2428 | 4889 5424 | 204c 8944 | 2430 6690 
  0x000002a4c909e280: 458b 5008 | 4d85 c90f | 84a7 0b00 | 0049 bbd8 | 0580 d2a4 | 0200 004d | 33c0 4f8d | 04d0 4d8b 
  0x000002a4c909e2a0: 90e0 0100 | 004d 3bd3 | 0f85 1c06 | 0000 4c8b | 5424 304d | 8b12 4d8b | da49 83e3 | 0766 6690 
  0x000002a4c909e2c0: 4983 fb01 | 0f85 0006 | 0000 49c1 | ea08 418b | c281 e0ff | ffff 7f85 | c00f 84eb | 0500 004c 
  0x000002a4c909e2e0: 8b54 2420 | 458b 5228 | 4489 5424 | 3844 8bd8 | 41c1 eb10 | 4433 d84c | 8b54 2430 | 4d8b c2c4 
  0x000002a4c909e300: c179 6ed8 | 4181 e3ff | ffff 7fba | 0100 0000 | 4533 d244 | 8b4c 2438 | 4585 c90f | 1f44 0000 
  0x000002a4c909e320: 0f84 4d05 | 0000 458b | 410c 4585 | c00f 86c6 | 0a00 0049 | 8bf9 41ff | c845 23c3 | 4d63 c88b 
  0x000002a4c909e340: 4c24 384a | 8d74 8910 | 8b0e 85c9 | 0f84 ba00 | 0000 448b | 490c 4183 | f9ff 660f | 1f44 0000 
  0x000002a4c909e360: 0f84 e20a | 0000 4c8b | e945 3bcb | 0f85 8103 | 0000 8b69 | 1048 8bdd | 488b 5424 | 3066 6690 
  0x000002a4c909e380: 483b da0f | 845f 0000 | 0085 ed0f | 841f 0b00 | 004c 896c | 2460 4489 | 4c24 5889 | 4c24 4c48 
  0x000002a4c909e3a0: 897c 2450 | 4489 4424 | 484c 8954 | 2440 4489 | 5c24 3c4c | 8bc5 6666 | 9048 b8ff | ffff ffff 
  0x000002a4c909e3c0: ffff ffe8 | 980a 51f8 | 85c0 0f84 | 040b 0000 | 448b 5c24 | 3c4c 8b54 | 2440 448b | 4424 488b 
  0x000002a4c909e3e0: 4c24 4c44 | 8b4c 2458 | 8b69 1485 | ed0f 8499 | 0a00 0048 | 8bc5 4881 | c4a0 0000 | 005d 493b 
  0x000002a4c909e400: a740 0300 | 000f 8767 | 1000 00c3 | 498b 8f08 | 0100 004c | 8bc9 4983 | c120 660f | 1f44 0000 
  0x000002a4c909e420: 4d3b 8f18 | 0100 000f | 83f5 0800 | 004d 898f | 0801 0000 | 410f 0d89 | c000 0000 | 48c7 0101 
  0x000002a4c909e440: 0000 00c7 | 4108 0dc5 | 0020 4c89 | 6110 4c89 | 6118 c741 | 0cfd ffff | ff44 8961 | 14f0 8344 
  0x000002a4c909e460: 24c0 0048 | 8d9c 2490 | 0000 0048 | 8b01 48f7 | c002 0000 | 0075 2448 | 83c8 0148 | 8903 f048 
  0x000002a4c909e480: 0fb1 190f | 843e 0000 | 0048 2bc4 | 4881 e007 | f0ff ff48 | 8903 e92c | 0000 004c | 8bc8 4833 
  0x000002a4c909e4a0: c0f0 4d0f | b179 3e48 | c703 0300 | 0000 0f84 | 1300 0000 | 4c3b f80f | 850a 0000 | 0049 ff81 
  0x000002a4c909e4c0: 8600 0000 | 4833 c00f | 854f 0a00 | 004c 8bc9 | 4833 c0f0 | 440f b10e | 400f 94c5 | 400f b6ed 
  0x000002a4c909e4e0: 85ed 7415 | 4c8b ce49 | c1e9 0948 | bb00 00c0 | bda4 0200 | 0046 8824 | 0b85 ed0f | 1f44 0000 
  0x000002a4c909e500: 0f84 d20a | 0000 4889 | 4c24 6048 | 8974 2458 | 4889 7c24 | 5044 8944 | 2448 8954 | 2444 c5fa 
  0x000002a4c909e520: 115c 2440 | 4489 5c24 | 3c48 8b6c | 2430 488b | 5424 284c | 8b44 2430 | 9048 b860 | f2b6 d5a4 
  0x000002a4c909e540: 0200 00e8 | a00d 51f8 | 488b d848 | 85c0 0f84 | a40a 0000 | 498b 8708 | 0100 004c | 8bd0 4983 
  0x000002a4c909e560: c220 4d3b | 9718 0100 | 000f 831d | 0800 004d | 8997 0801 | 0000 410f | 0d8a c000 | 0000 48c7 
  0x000002a4c909e580: 0001 0000 | 00c7 4008 | 46c4 0020 | 4489 600c | 4c89 6010 | 4c89 6018 | 448b 5c24 | 3c44 8958 
  0x000002a4c909e5a0: 0c44 8b54 | 2440 4489 | 5010 4c8b | d344 8950 | 144c 8bd0 | 4c8b d849 | c1ea 0949 | b800 00c0 
  0x000002a4c909e5c0: bda4 0200 | 0047 8824 | 10f0 8344 | 24c0 004c | 8b54 2458 | 4589 1a49 | c1ea 0949 | bb00 00c0 
  0x000002a4c909e5e0: bda4 0200 | 0047 8824 | 134c 8b5c | 2460 488d | 8424 9000 | 0000 4881 | 3800 0000 | 000f 8483 
  0x000002a4c909e600: 0000 004d | 8b13 49f7 | c202 0000 | 0074 6f49 | 81ba 8600 | 0000 0000 | 0000 7409 | 49ff 8a86 
  0x000002a4c909e620: 0000 00eb | 5149 8b82 | 9600 0000 | 490b 828e | 0000 0075 | 0a49 c742 | 3e00 0000 | 00eb 4749 
  0x000002a4c909e640: 81ba 9e00 | 0000 0000 | 0000 7425 | 4833 c049 | c742 3e00 | 0000 00f0 | 8304 2400 | 4981 ba9e 
  0x000002a4c909e660: 0000 0000 | 0000 0075 | 0df0 4d0f | b17a 3e75 | 0583 c801 | eb10 f7c0 | 0000 0000 | eb08 4c8b 
  0x000002a4c909e680: 10f0 4d0f | b113 0f85 | 0209 0000 | 4c8b d34c | 8b5c 2420 | 418b 6b30 | 85ed 660f | 1f44 0000 
  0x000002a4c909e6a0: 0f85 0c09 | 0000 498b | 4318 488b | c848 83c1 | 014c 8b5c | 2420 f049 | 0fb1 4b18 | 400f 94c5 
  0x000002a4c909e6c0: 400f b6ed | 85ed 0f84 | f808 0000 | 448b 5c24 | 4445 85db | 7c15 4c8b | 5c24 2045 | 8b4b 144d 
  0x000002a4c909e6e0: 63d9 493b | cb0f 8d03 | 0200 0049 | 8bc2 e903 | fdff ff48 | 8d9c 2490 | 0000 0049 | 8b45 0048 
  0x000002a4c909e700: f7c0 0200 | 0000 7525 | 4883 c801 | 4889 03f0 | 490f b15d | 000f 843e | 0000 0048 | 2bc4 4881 
  0x000002a4c909e720: e007 f0ff | ff48 8903 | e92c 0000 | 0048 8be8 | 4833 c0f0 | 4c0f b17d | 3e48 c703 | 0300 0000 
  0x000002a4c909e740: 0f84 1300 | 0000 4c3b | f80f 850a | 0000 0048 | ff85 8600 | 0000 4833 | c00f 85f7 | 0800 008b 
  0x000002a4c909e760: 1e3b d90f | 842a 0200 | 0045 33c9 | 33c9 488d | 8424 9000 | 0000 4881 | 3800 0000 | 000f 8485 
  0x000002a4c909e780: 0000 0049 | 8b5d 0048 | f7c3 0200 | 0000 746f | 4881 bb86 | 0000 0000 | 0000 0074 | 0948 ff8b 
  0x000002a4c909e7a0: 8600 0000 | eb51 488b | 8396 0000 | 0048 0b83 | 8e00 0000 | 750a 48c7 | 433e 0000 | 0000 eb48 
  0x000002a4c909e7c0: 4881 bb9e | 0000 0000 | 0000 0074 | 2548 33c0 | 48c7 433e | 0000 0000 | f083 0424 | 0048 81bb 
  0x000002a4c909e7e0: 9e00 0000 | 0000 0000 | 750d f04c | 0fb1 7b3e | 7505 83c8 | 01eb 11f7 | c000 0000 | 00eb 0948 
  0x000002a4c909e800: 8b18 f049 | 0fb1 5d00 | 0f85 c908 | 0000 4585 | c90f 849d | 0000 0041 | 83f9 087c | 3a89 4c24 
  0x000002a4c909e820: 3444 894c | 2430 458b | d84c 8954 | 2428 488b | 6c24 2048 | 8b54 2420 | 4c8b c745 | 8bcb 90e8 
  0x000002a4c909e840: 3ce2 45f8 | 4889 6c24 | 204c 8b54 | 2428 448b | 4c24 308b | 4c24 3485 | c90f 84ee | 0100 0090 
  0x000002a4c909e860: 4d85 d20f | 84dc 0800 | 0044 894c | 2444 e91c | feff ff4c | 8954 2448 | 8954 2440 | c5fa 115c 
  0x000002a4c909e880: 243c 4489 | 5c24 3848 | 8b6c 2430 | 488b 5424 | 2066 90e8 | e8e1 45f8 | 4889 6c24 | 3044 8b5c 
  0x000002a4c909e8a0: 2438 c5fa | 105c 243c | 8b54 2440 | 4c8b 5424 | 4848 8bf8 | 498b b748 | 0300 004c | 8bc7 4489 
  0x000002a4c909e8c0: 4424 3885 | 06e9 49fa | ffff 488b | 5424 3048 | 8b6c 2420 | 9048 b8ff | ffff ffff | ffff ffe8 
  0x000002a4c909e8e0: 2c05 51f8 | e9f6 f9ff | ff4c 8b54 | 2428 4c8b | 5c24 2045 | 8b43 2841 | 8b68 0c0f | 1f44 0000 
  0x000002a4c909e900: 81fd 0000 | 0040 0f8d | 5408 0000 | f30f bded | 81cd 0080 | 0000 c1e5 | 1045 85c9 | 0f1f 4000 
  0x000002a4c909e920: 0f8c 5608 | 0000 83c5 | 0241 8bc1 | f041 0fb1 | 6b14 400f | 94c5 400f | b6ed 85ed | 0f1f 4000 
  0x000002a4c909e940: 0f84 5208 | 0000 4c89 | 5424 2848 | 8b6c 2420 | 488b 5424 | 2045 33c9 | 6666 90e8 | a093 fcff 
  0x000002a4c909e960: 488b d5e8 | 78a2 b5f8 | 4d8b 9748 | 0300 0041 | 8502 4889 | 6c24 2044 | 8b4d 144d | 63d1 6690 
  0x000002a4c909e980: 493b c20f | 8d60 ffff | ff4c 8b54 | 2428 e958 | fdff ff45 | 85c9 0f8d | a000 0000 | 8b59 0890 
  0x000002a4c909e9a0: 81fb 44bb | 0720 0f85 | 0a03 0000 | 4d8b d541 | 8b6a 2085 | ed0f 85f1 | 0700 004c | 8954 2460 
  0x000002a4c909e9c0: 4c89 6c24 | 5889 4c24 | 4c48 897c | 2450 4489 | 4424 4889 | 5424 44c5 | fa11 5c24 | 4044 895c 
  0x000002a4c909e9e0: 243c 488b | 6c24 3048 | 8b54 2428 | 4c8b 4424 | 3048 b8ff | ffff ffff | ffff ffe8 | 80e3 45f8 
  0x000002a4c909ea00: 4885 c00f | 85c3 0700 | 0045 33d2 | 41b9 0200 | 0000 33c9 | 4889 6c24 | 3044 8b5c | 243c c5fa 
  0x000002a4c909ea20: 105c 2440 | 8b54 2444 | 448b 4424 | 4848 8b7c | 2450 4c8b | 6c24 58e9 | 32fd ffff | 498b ed45 
  0x000002a4c909ea40: 33d2 41b9 | 0100 0000 | e9f2 0000 | 0049 8bc2 | e9a1 f9ff | ff8b 7510 | 488b de48 | 8b44 2430 
  0x000002a4c909ea60: 483b d80f | 84b9 0000 | 0085 f60f | 84da 0000 | 0044 894c | 2468 4489 | 5424 644c | 896c 2458 
  0x000002a4c909ea80: 894c 2460 | 4889 7c24 | 5044 8944 | 244c 8954 | 2448 c5fa | 115c 2444 | 4489 5c24 | 4048 ff74 
  0x000002a4c909eaa0: 2428 488f | 4424 3848 | ff74 2420 | 488f 4424 | 2848 ff74 | 2430 488f | 4424 204c | 8bc6 488b 
  0x000002a4c909eac0: 5424 3066 | 9048 b8d8 | 4552 0001 | 0000 00e8 | 6ce7 28f9 | 85c0 0f84 | ce02 0000 | 48ff 7424 
  0x000002a4c909eae0: 2048 8f44 | 2430 48ff | 7424 2848 | 8f44 2420 | 48ff 7424 | 3848 8f44 | 2428 448b | 5c24 40c5 
  0x000002a4c909eb00: fa10 5c24 | 448b 5424 | 4844 8b44 | 244c 488b | 7c24 504c | 8b6c 2458 | 448b 5424 | 6444 8b4c 
  0x000002a4c909eb20: 2468 8b5d | 1448 8bcb | e97c 0100 | 0066 6690 | 498b 8748 | 0300 0041 | ffc1 488b | ee85 008b 
  0x000002a4c909eb40: 750c 413b | f30f 840a | ffff ff8b | 7518 85f6 | 75de 4489 | 4c24 6844 | 8954 2464 | 4c89 6c24 
  0x000002a4c909eb60: 5889 4c24 | 6048 897c | 2450 4489 | 4424 4c89 | 5424 48c5 | fa11 5c24 | 4444 895c | 2440 48ff 
  0x000002a4c909eb80: 7424 2848 | 8f44 2438 | 48ff 7424 | 2048 8f44 | 2428 48ff | 7424 3048 | 8f44 2420 | 488b 5424 
  0x000002a4c909eba0: 384c 8b44 | 2430 6666 | 9048 b8e0 | e8b8 d6a4 | 0200 00e8 | 3007 51f8 | 488b c80f | 1f44 0000 
  0x000002a4c909ebc0: 4885 c00f | 840d 0100 | 0044 3b65 | 180f 8539 | 0600 0049 | 8b87 0801 | 0000 4c8b | d049 83c2 
  0x000002a4c909ebe0: 204d 3b97 | 1801 0000 | 0f83 4a04 | 0000 4d89 | 9708 0100 | 0041 0f0d | 8ac0 0000 | 0048 c700 
  0x000002a4c909ec00: 0100 0000 | c740 0846 | c400 2044 | 8960 0c4c | 8960 104c | 8960 1844 | 8b5c 2440 | 4489 580c 
  0x000002a4c909ec20: c5fa 105c | 2444 c4c1 | 797e da44 | 8950 104c | 8bc1 4489 | 4014 4c8b | c04c 8bd0 | 49c1 e809 
  0x000002a4c909ec40: 49b9 0000 | c0bd a402 | 0000 4788 | 2401 4489 | 5518 4c8b | d549 c1ea | 0949 b800 | 00c0 bda4 
  0x000002a4c909ec60: 0200 0047 | 8824 10f0 | 8344 24c0 | 0041 ba01 | 0000 0048 | ff74 2420 | 488f 4424 | 3048 ff74 
  0x000002a4c909ec80: 2428 488f | 4424 2048 | ff74 2438 | 488f 4424 | 288b 5424 | 4844 8b44 | 244c 488b | 7c24 504c 
  0x000002a4c909eca0: 8b6c 2458 | 448b 4c24 | 6841 8bf2 | 4c8b d18b | cee9 b8fa | ffff 6666 | 0f1f 8400 | 0000 0000 
  0x000002a4c909ecc0: 81fb 0dc5 | 0020 0f84 | 5005 0000 | 4533 c933 | c9e9 98fa | ffff 33c9 | 48ff 7424 | 2048 8f44 
  0x000002a4c909ece0: 2430 48ff | 7424 2848 | 8f44 2420 | 48ff 7424 | 3848 8f44 | 2428 448b | 5c24 40c5 | fa10 5c24 
  0x000002a4c909ed00: 448b 5424 | 4844 8b44 | 244c 488b | 7c24 504c | 8b6c 2458 | 448b 5424 | 6444 8b4c | 2468 6690 
  0x000002a4c909ed20: eb87 4889 | 7424 6048 | 897c 2458 | 4489 4424 | 504c 8954 | 2448 8954 | 2444 c5fa | 115c 2440 
  0x000002a4c909ed40: 4489 5c24 | 3c48 8b6c | 2430 48ba | 6828 0600 | 0100 0000 | 6666 90e8 | a4d6 50f8 | 4889 6c24 
  0x000002a4c909ed60: 3044 8b5c | 243c c5fa | 105c 2440 | 8b54 2444 | 4c8b 5424 | 4844 8b44 | 2450 488b | 7c24 5848 
  0x000002a4c909ed80: 8b74 2460 | 488b c8e9 | c6f6 ffff | 4889 5c24 | 3048 ba30 | 2206 0001 | 0000 00e8 | 60d6 50f8 
  0x000002a4c909eda0: 488b 5c24 | 30e9 eef7 | ffff 48ff | 7424 2048 | 8f44 2430 | 48ff 7424 | 2848 8f44 | 2420 48ff 
  0x000002a4c909edc0: 7424 3848 | 8f44 2428 | 448b 5c24 | 40c5 fa10 | 5c24 448b | 5424 4844 | 8b44 244c | 488b 7c24 
  0x000002a4c909ede0: 508b 4c24 | 604c 8b6c | 2458 448b | 5424 6444 | 8b4c 2468 | e952 fdff | ffba 45ff | ffff 488b 
  0x000002a4c909ee00: 6c24 2048 | ff74 2430 | 488f 4424 | 2044 895c | 2430 4c89 | 5424 4048 | 8944 24f8 | 8b44 2438 
  0x000002a4c909ee20: 8944 2434 | 488b 4424 | f844 8944 | 243c 90e8 | cc31 46f8 | ba45 ffff | ff48 8b6c | 2420 4c89 
  0x000002a4c909ee40: 4424 20e8 | b831 46f8 | ba45 ffff | ff48 8b6c | 2420 48ff | 7424 3048 | 8f44 2420 | 4489 5c24 
  0x000002a4c909ee60: 304c 8954 | 2440 4889 | 4424 f88b | 4424 3889 | 4424 3448 | 8b44 24f8 | 894c 2438 | 4489 4424 
  0x000002a4c909ee80: 3c44 894c | 244c 90e8 | 7431 46f8 | ba45 ffff | ff44 895c | 243c 4c89 | 5424 4089 | 4c24 4844 
  0x000002a4c909eea0: 8944 244c | 4489 4c24 | 5066 90e8 | 5031 46f8 | ba45 ffff | ff44 895c | 243c 4c89 | 5424 4089 
  0x000002a4c909eec0: 4c24 4844 | 8944 244c | 4489 4c24 | 5066 90e8 | 2c31 46f8 | ba45 ffff | ff48 8b6c | 2420 48ff 
  0x000002a4c909eee0: 7424 3048 | 8f44 2420 | 448b 5424 | 3c44 8954 | 2430 448b | 5c24 3844 | 895c 2434 | 448b 5c24 
  0x000002a4c909ef00: 4c44 895c | 2438 448b | 5424 4844 | 8954 243c | 8944 244c | 6666 90e8 | e430 46f8 | 4889 4c24 
  0x000002a4c909ef20: 6848 8974 | 2460 4889 | 7c24 5844 | 8944 2450 | 4c89 5424 | 4889 5424 | 44c5 fa11 | 5c24 4044 
  0x000002a4c909ef40: 895c 243c | 488b 6c24 | 3048 8bd1 | 4c8d 8424 | 9000 0000 | 6666 90e8 | a4cb 50f8 | 4889 6c24 
  0x000002a4c909ef60: 3044 8b5c | 243c c5fa | 105c 2440 | 8b54 2444 | 4c8b 5424 | 4844 8b44 | 2450 488b | 7c24 5848 
  0x000002a4c909ef80: 8b74 2460 | 488b 4c24 | 68e9 3ff5 | ffff 498b | cb48 8d94 | 2490 0000 | 004d 8bc7 | 0f1f 4000 
  0x000002a4c909efa0: 49ba 30ac | 008e fa7f | 0000 41ff | d2e9 daf6 | ffff ba45 | ffff ff4c | 8954 2428 | 6666 90e8 
  0x000002a4c909efc0: 3c30 46f8 | ba45 ffff | ff4c 8954 | 2428 4889 | 4c24 38e8 | 2830 46f8 | ba45 ffff | ff44 895c 
  0x000002a4c909efe0: 243c 4c89 | 5424 4044 | 8944 2448 | 4889 4c24 | 5866 90e8 | 0830 46f8 | ba45 ffff | ff48 8944 
  0x000002a4c909f000: 24f8 8b44 | 2438 8944 | 2434 488b | 4424 f848 | 8944 24f8 | 8b44 2448 | 8944 2438 | 488b 4424 
  0x000002a4c909f020: f84c 8b54 | 2460 4889 | 4424 504c | 8954 2458 | 6666 90e8 | c82f 46f8 | 4889 4c24 | 3048 ba30 
  0x000002a4c909f040: 2206 0001 | 0000 00e8 | b4d3 50f8 | 488b 4c24 | 30e9 c1fb | ffff 4c89 | 6c24 7044 | 894c 2468 
  0x000002a4c909f060: 894c 2454 | 4889 7424 | 6048 897c | 2458 4489 | 4424 504c | 8954 2448 | 8954 2444 | c5fa 115c 
  0x000002a4c909f080: 2440 4489 | 5c24 3c48 | 8b6c 2430 | 498b d54c | 8d84 2490 | 0000 00e8 | 64ca 50f8 | 4889 6c24 
  0x000002a4c909f0a0: 3044 8b5c | 243c c5fa | 105c 2440 | 8b54 2444 | 4c8b 5424 | 4844 8b44 | 2450 488b | 7c24 5848 
  0x000002a4c909f0c0: 8b74 2460 | 8b4c 2454 | 448b 4c24 | 684c 8b6c | 2470 e988 | f6ff ff89 | 4c24 5044 | 894c 2444 
  0x000002a4c909f0e0: 4d8b cd48 | 897c 2448 | 4489 4424 | 404c 8954 | 2438 448b | eac4 c179 | 7ede 418b | eb49 8bc9 
  0x000002a4c909f100: 488d 9424 | 9000 0000 | 4d8b c749 | ba30 ac00 | 8efa 7f00 | 0041 ffd2 | 448b ddc4 | c179 6ede 
  0x000002a4c909f120: 418b d54c | 8b54 2438 | 448b 4424 | 4048 8b7c | 2448 448b | 4c24 448b | 4c24 500f | 1f44 0000 
  0x000002a4c909f140: e9c9 f6ff | ffba 45ff | ffff 488b | 6c24 2044 | 894c 2428 | 4c89 5424 | 3066 90e8 | a02e 46f8 
  0x000002a4c909f160: ba45 ffff | ff4c 8954 | 2428 4489 | 4424 3044 | 894c 2434 | 6666 90e8 | 842e 46f8 | ba45 ffff 
  0x000002a4c909f180: ff4c 8954 | 2428 4489 | 4424 3044 | 894c 2438 | 6666 90e8 | 682e 46f8 | ba45 ffff | ff4c 8954 
  0x000002a4c909f1a0: 2428 4489 | 4424 30e8 | 542e 46f8 | baec ffff | ff44 895c | 243c 4489 | 4424 404c | 8954 2448 
  0x000002a4c909f1c0: 894c 2450 | 6666 90e8 | 342e 46f8 | baad ffff | ff48 8944 | 24f8 8b44 | 2438 8944 | 2434 488b 
  0x000002a4c909f1e0: 4424 f848 | 8944 24f8 | 8b44 2448 | 8944 2438 | 488b 4424 | f84c 8b5c | 2460 4c89 | 5c24 5048 
  0x000002a4c909f200: 8944 2460 | 6666 90e8 | f42d 46f8 | baad 0100 | 008b 6c24 | 6066 90e8 | e42d 46f8 | baad 0100 
  0x000002a4c909f220: 0089 4c24 | 2066 90e8 | d42d 46f8 | ba45 ffff | ff48 8b6c | 2420 90e8 | c42d 46f8 | ba45 ffff 
  0x000002a4c909f240: ff49 8bea | 4489 4c24 | 2c44 8944 | 2430 90e8 | ac2d 46f8 | 488b d8e9 | 2600 0000 | 488b e890 
  0x000002a4c909f260: e90f 0100 | 0048 8be8 | e9eb 0000 | 0048 8bd0 | e9a6 0100 | 0048 8bd8 | eb08 488b | d8eb 0348 
  0x000002a4c909f280: 8bd8 4c8b | 5c24 5848 | 8d84 2490 | 0000 0048 | 8138 0000 | 0000 0f84 | 8300 0000 | 4d8b 1349 
  0x000002a4c909f2a0: f7c2 0200 | 0000 746f | 4981 ba86 | 0000 0000 | 0000 0074 | 0949 ff8a | 8600 0000 | eb51 498b 
  0x000002a4c909f2c0: 8296 0000 | 0049 0b82 | 8e00 0000 | 750a 49c7 | 423e 0000 | 0000 eb47 | 4981 ba9e | 0000 0000 
  0x000002a4c909f2e0: 0000 0074 | 2548 33c0 | 49c7 423e | 0000 0000 | f083 0424 | 0049 81ba | 9e00 0000 | 0000 0000 
  0x000002a4c909f300: 750d f04d | 0fb1 7a3e | 7505 83c8 | 01eb 10f7 | c000 0000 | 00eb 084c | 8b10 f04d | 0fb1 1390 
  0x000002a4c909f320: 0f85 2901 | 0000 488b | d3e9 ed00 | 0000 488b | d0e9 e500 | 0000 eb00 | 488b d00f | 1f44 0000 
  0x000002a4c909f340: e9d6 0000 | 0048 8bd0 | e9ce 0000 | 0048 8bd0 | e9c6 0000 | 0048 8be8 | 488b 5424 | 5044 8b44 
  0x000002a4c909f360: 2448 4533 | c94c 8b54 | 2460 4c89 | 5424 28e8 | 0cdd 45f8 | 4c8b 5c24 | 2848 8d84 | 2490 0000 
  0x000002a4c909f380: 0048 8138 | 0000 0000 | 0f84 8300 | 0000 4d8b | 1349 f7c2 | 0200 0000 | 746f 4981 | ba86 0000 
  0x000002a4c909f3a0: 0000 0000 | 0074 0949 | ff8a 8600 | 0000 eb51 | 498b 8296 | 0000 0049 | 0b82 8e00 | 0000 750a 
  0x000002a4c909f3c0: 49c7 423e | 0000 0000 | eb47 4981 | ba9e 0000 | 0000 0000 | 0074 2548 | 33c0 49c7 | 423e 0000 
  0x000002a4c909f3e0: 0000 f083 | 0424 0049 | 81ba 9e00 | 0000 0000 | 0000 750d | f04d 0fb1 | 7a3e 7505 | 83c8 01eb 
  0x000002a4c909f400: 10f7 c000 | 0000 00eb | 084c 8b10 | f04d 0fb1 | 1375 1548 | 8bd5 eb03 | 488b d048 | 81c4 a000 
  0x000002a4c909f420: 0000 5de9 | d8bd 50f8 | 498b cb48 | 8d94 2490 | 0000 004d | 8bc7 6666 | 0f1f 8400 | 0000 0000 
  0x000002a4c909f440: 49ba 30ac | 008e fa7f | 0000 41ff | d2eb c448 | 8b4c 2458 | 488d 9424 | 9000 0000 | 4d8b c790 
  0x000002a4c909f460: 49ba 30ac | 008e fa7f | 0000 41ff | d2e9 b4fe | ffff 49ba | fee3 09c9 | a402 0000 | 4d89 9758 
  0x000002a4c909f480: 0300 00e9 | 783c 46f8 | f4f4 f4f4 | f4f4 f4f4 | f4f4 f4f4 | f4f4 f4f4 | f4f4 f4f4 | f4f4 f4f4 
  0x000002a4c909f4a0: 48bb 0000 | 0000 0000 | 0000 e9fb | ffff ff48 | bb00 0000 | 0000 0000 | 00e9 fbff | ffff 48bb 
  0x000002a4c909f4c0: 0000 0000 | 0000 0000 | e9fb ffff | ff48 bb00 | 0000 0000 | 0000 00e9 | fbff ffff | 48bb 0000 
  0x000002a4c909f4e0: 0000 0000 | 0000 e9fb | ffff ffe9 | 9029 50f8 | e800 0000 | 0048 832c | 2405 e9a1 | 2e46 f8f4 
[/MachCode]
--------------------------------------------------------------------------------


---------------  P R O C E S S  ---------------

Threads class SMR info:
_java_thread_list=0x000002a4d9afa270, length=38, elements={
0x000002a4be81dfb0, 0x000002a4d26a1730, 0x000002a4d26a6cf0, 0x000002a4d26a98f0,
0x000002a4d26aa670, 0x000002a4d26adee0, 0x000002a4d41877a0, 0x000002a4d418e400,
0x000002a4d418f4a0, 0x000002a4d4191530, 0x000002a4be8dcd60, 0x000002a4d44fe7f0,
0x000002a4d693acc0, 0x000002a4d6ab14f0, 0x000002a4d6ef3040, 0x000002a4d713b010,
0x000002a4d70949f0, 0x000002a4d6d226f0, 0x000002a4d6d23560, 0x000002a4d6d22bc0,
0x000002a4d6d20070, 0x000002a4d6d213b0, 0x000002a4dabd3be0, 0x000002a4dabd28a0,
0x000002a4dabd4580, 0x000002a4dabd2d70, 0x000002a4dabd3240, 0x000002a4dabd1a30,
0x000002a4d6d22220, 0x000002a4dacfdaa0, 0x000002a4dacfdf70, 0x000002a4dacff780,
0x000002a4dacff2b0, 0x000002a4dacfcc30, 0x000002a4dabd1560, 0x000002a4d9405ad0,
0x000002a4e655dd80, 0x000002a4e655aff0
}

Java Threads: ( => current thread )
  0x000002a4be81dfb0 JavaThread "main" [_thread_blocked, id=6616, stack(0x000000bea8800000,0x000000bea8900000)]
  0x000002a4d26a1730 JavaThread "Reference Handler" daemon [_thread_blocked, id=22044, stack(0x000000bea8b00000,0x000000bea8c00000)]
  0x000002a4d26a6cf0 JavaThread "Finalizer" daemon [_thread_blocked, id=29084, stack(0x000000bea8c00000,0x000000bea8d00000)]
  0x000002a4d26a98f0 JavaThread "Signal Dispatcher" daemon [_thread_blocked, id=17080, stack(0x000000bea8d00000,0x000000bea8e00000)]
  0x000002a4d26aa670 JavaThread "Attach Listener" daemon [_thread_blocked, id=25288, stack(0x000000bea8e00000,0x000000bea8f00000)]
  0x000002a4d26adee0 JavaThread "Service Thread" daemon [_thread_blocked, id=15456, stack(0x000000bea8f00000,0x000000bea9000000)]
  0x000002a4d41877a0 JavaThread "Monitor Deflation Thread" daemon [_thread_blocked, id=18872, stack(0x000000bea9000000,0x000000bea9100000)]
  0x000002a4d418e400 JavaThread "C2 CompilerThread0" daemon [_thread_in_native, id=25596, stack(0x000000bea9100000,0x000000bea9200000)]
  0x000002a4d418f4a0 JavaThread "C1 CompilerThread0" daemon [_thread_blocked, id=26968, stack(0x000000bea9200000,0x000000bea9300000)]
  0x000002a4d4191530 JavaThread "Sweeper thread" daemon [_thread_blocked, id=30140, stack(0x000000bea9300000,0x000000bea9400000)]
  0x000002a4be8dcd60 JavaThread "Common-Cleaner" daemon [_thread_blocked, id=29780, stack(0x000000bea9400000,0x000000bea9500000)]
  0x000002a4d44fe7f0 JavaThread "Notification Thread" daemon [_thread_blocked, id=30724, stack(0x000000bea9500000,0x000000bea9600000)]
  0x000002a4d693acc0 JavaThread "Active Thread: Equinox Container: d40a164a-e5d4-48ef-bc97-274b69e6c065" [_thread_blocked, id=26044, stack(0x000000bea9f00000,0x000000beaa000000)]
  0x000002a4d6ab14f0 JavaThread "Framework Event Dispatcher: Equinox Container: d40a164a-e5d4-48ef-bc97-274b69e6c065" daemon [_thread_blocked, id=22336, stack(0x000000beaa000000,0x000000beaa100000)]
  0x000002a4d6ef3040 JavaThread "Start Level: Equinox Container: d40a164a-e5d4-48ef-bc97-274b69e6c065" daemon [_thread_blocked, id=27024, stack(0x000000beaa100000,0x000000beaa200000)]
  0x000002a4d713b010 JavaThread "SCR Component Actor" daemon [_thread_blocked, id=6280, stack(0x000000beaa200000,0x000000beaa300000)]
  0x000002a4d70949f0 JavaThread "Worker-JM" [_thread_blocked, id=30376, stack(0x000000bea9700000,0x000000bea9800000)]
  0x000002a4d6d226f0 JavaThread "Worker-1" [_thread_blocked, id=25496, stack(0x000000beaa700000,0x000000beaa800000)]
  0x000002a4d6d23560 JavaThread "JNA Cleaner" daemon [_thread_blocked, id=3168, stack(0x000000beaab00000,0x000000beaac00000)]
  0x000002a4d6d22bc0 JavaThread "pool-2-thread-1" [_thread_blocked, id=12612, stack(0x000000beaac00000,0x000000beaad00000)]
  0x000002a4d6d20070 JavaThread "pool-1-thread-1" [_thread_in_native, id=26140, stack(0x000000beaad00000,0x000000beaae00000)]
  0x000002a4d6d213b0 JavaThread "Worker-3: Publish Diagnostics" [_thread_blocked, id=8756, stack(0x000000beaaf00000,0x000000beab000000)]
  0x000002a4dabd3be0 JavaThread "ForkJoinPool.commonPool-worker-2" daemon [_thread_blocked, id=28468, stack(0x000000beab000000,0x000000beab100000)]
  0x000002a4dabd28a0 JavaThread "ForkJoinPool.commonPool-worker-3" daemon [_thread_blocked, id=5488, stack(0x000000beab100000,0x000000beab200000)]
  0x000002a4dabd4580 JavaThread "ForkJoinPool.commonPool-worker-4" daemon [_thread_blocked, id=31192, stack(0x000000beab200000,0x000000beab300000)]
  0x000002a4dabd2d70 JavaThread "ForkJoinPool.commonPool-worker-5" daemon [_thread_blocked, id=14768, stack(0x000000beab300000,0x000000beab400000)]
  0x000002a4dabd3240 JavaThread "Bundle File Closer" daemon [_thread_blocked, id=29904, stack(0x000000beab400000,0x000000beab500000)]
  0x000002a4dabd1a30 JavaThread "ForkJoinPool.commonPool-worker-6" daemon [_thread_blocked, id=10752, stack(0x000000bea8700000,0x000000bea8800000)]
  0x000002a4d6d22220 JavaThread "ForkJoinPool.commonPool-worker-7" daemon [_thread_blocked, id=3668, stack(0x000000beaaa00000,0x000000beaab00000)]
  0x000002a4dacfdaa0 JavaThread "ForkJoinPool.commonPool-worker-8" daemon [_thread_blocked, id=13844, stack(0x000000beaae00000,0x000000beaaf00000)]
  0x000002a4dacfdf70 JavaThread "ForkJoinPool.commonPool-worker-9" daemon [_thread_blocked, id=14388, stack(0x000000bea8600000,0x000000bea8700000)]
  0x000002a4dacff780 JavaThread "ForkJoinPool.commonPool-worker-10" daemon [_thread_blocked, id=24460, stack(0x000000beab600000,0x000000beab700000)]
  0x000002a4dacff2b0 JavaThread "ForkJoinPool.commonPool-worker-11" daemon [_thread_blocked, id=15980, stack(0x000000beaa800000,0x000000beaa900000)]
  0x000002a4dacfcc30 JavaThread "ForkJoinPool.commonPool-worker-12" daemon [_thread_blocked, id=19332, stack(0x000000beab500000,0x000000beab600000)]
  0x000002a4dabd1560 JavaThread "Worker-5: Java indexing... " [_thread_blocked, id=9420, stack(0x000000beaa600000,0x000000beaa700000)]
=>0x000002a4d9405ad0 JavaThread "Java indexing" daemon [_thread_in_Java, id=31732, stack(0x000000beab900000,0x000000beaba00000)]
  0x000002a4e655dd80 JavaThread "C2 CompilerThread1" daemon [_thread_in_native, id=13068, stack(0x000000beaa900000,0x000000beaaa00000)]
  0x000002a4e655aff0 JavaThread "C2 CompilerThread2" daemon [_thread_in_native, id=12112, stack(0x000000beab700000,0x000000beab800000)]

Other Threads:
  0x000002a4d4161fd0 VMThread "VM Thread" [stack: 0x000000bea8a00000,0x000000bea8b00000] [id=23032] _threads_hazard_ptr=0x000002a4d9afa270
  0x000002a4d44fecc0 WatcherThread [stack: 0x000000bea9600000,0x000000bea9700000] [id=13268]
  0x000002a4be836680 GCTaskThread "GC Thread#0" [stack: 0x000000bea8900000,0x000000bea8a00000] [id=21744]
  0x000002a4d5929840 GCTaskThread "GC Thread#1" [stack: 0x000000bea9800000,0x000000bea9900000] [id=4712]
  0x000002a4d5866bb0 GCTaskThread "GC Thread#2" [stack: 0x000000bea9900000,0x000000bea9a00000] [id=24484]
  0x000002a4d5866e60 GCTaskThread "GC Thread#3" [stack: 0x000000bea9a00000,0x000000bea9b00000] [id=23900]
  0x000002a4d5a0d080 GCTaskThread "GC Thread#4" [stack: 0x000000bea9b00000,0x000000bea9c00000] [id=29676]
  0x000002a4d5a0d330 GCTaskThread "GC Thread#5" [stack: 0x000000bea9c00000,0x000000bea9d00000] [id=23136]
  0x000002a4d5e9e3b0 GCTaskThread "GC Thread#6" [stack: 0x000000bea9d00000,0x000000bea9e00000] [id=2820]
  0x000002a4d58c4ef0 GCTaskThread "GC Thread#7" [stack: 0x000000beaa300000,0x000000beaa400000] [id=23772]
  0x000002a4d6e65db0 GCTaskThread "GC Thread#8" [stack: 0x000000beaa400000,0x000000beaa500000] [id=31568]
  0x000002a4d6a6b340 GCTaskThread "GC Thread#9" [stack: 0x000000bea9e00000,0x000000bea9f00000] [id=26708]

Threads with active compile tasks:
C2 CompilerThread0   400192 12249       4       org.eclipse.jdt.internal.compiler.lookup.Scope::findMethodInSuperInterfaces (404 bytes)
C2 CompilerThread1   400192 12289 % !   4       org.eclipse.jdt.internal.compiler.lookup.BinaryTypeBinding::createFields @ 87 (619 bytes)
C2 CompilerThread2   400192 12265 %     4       org.eclipse.jdt.internal.core.search.indexing.BinaryIndexer::extractReferenceFromConstantPool @ 147 (341 bytes)

VM state: synchronizing (normal execution)

VM Mutex/Monitor currently owned by a thread:  ([mutex/lock_event])
[0x000002a4be81a670] Threads_lock - owner thread: 0x000002a4d4161fd0
[0x000002a4be81a310] Heap_lock - owner thread: 0x000002a4d6d213b0

Heap address: 0x00000000c0000000, size: 1024 MB, Compressed Oops mode: 32-bit

CDS archive(s) not mapped
Compressed class space mapped at: 0x0000000100000000-0x0000000140000000, reserved size: 1073741824
Narrow klass base: 0x0000000000000000, Narrow klass shift: 3, Narrow klass range: 0x140000000

GC Precious Log:
 CPUs: 12 total, 12 available
 Memory: 16247M
 Large Page Support: Disabled
 NUMA Support: Disabled
 Compressed Oops: Enabled (32-bit)
 Alignments: Space 512K, Generation 512K, Heap 2M
 Heap Min Capacity: 100M
 Heap Initial Capacity: 100M
 Heap Max Capacity: 1G
 Pre-touch: Disabled
 Parallel Workers: 10

Heap:
 PSYoungGen      total 5120K, used 4800K [0x00000000eab00000, 0x00000000eb100000, 0x0000000100000000)
  eden space 4096K, 100% used [0x00000000eab00000,0x00000000eaf00000,0x00000000eaf00000)
  from space 1024K, 68% used [0x00000000eb000000,0x00000000eb0b0000,0x00000000eb100000)
  to   space 1024K, 0% used [0x00000000eaf00000,0x00000000eaf00000,0x00000000eb000000)
 ParOldGen       total 127488K, used 120773K [0x00000000c0000000, 0x00000000c7c80000, 0x00000000eab00000)
  object space 127488K, 94% used [0x00000000c0000000,0x00000000c75f15b8,0x00000000c7c80000)
 Metaspace       used 71187K, committed 72192K, reserved 1114112K
  class space    used 7237K, committed 7680K, reserved 1048576K

Card table byte_map: [0x000002a4be200000,0x000002a4be410000] _byte_map_base: 0x000002a4bdc00000

Marking Bits: (ParMarkBitMap*) 0x00007ffa8e4b0dd0
 Begin Bits: [0x000002a4d04b0000, 0x000002a4d14b0000)
 End Bits:   [0x000002a4d14b0000, 0x000002a4d24b0000)

Polling page: 0x000002a4bdff0000

Metaspace:

Usage:
  Non-class:     62.45 MB used.
      Class:      7.07 MB used.
       Both:     69.52 MB used.

Virtual space:
  Non-class space:       64.00 MB reserved,      63.00 MB ( 98%) committed,  8 nodes.
      Class space:        1.00 GB reserved,       7.50 MB ( <1%) committed,  1 nodes.
             Both:        1.06 GB reserved,      70.50 MB (  6%) committed. 

Chunk freelists:
   Non-Class:  880.00 KB
       Class:  540.00 KB
        Both:  1.39 MB

MaxMetaspaceSize: unlimited
CompressedClassSpaceSize: 1.00 GB
Initial GC threshold: 21.00 MB
Current GC threshold: 116.81 MB
CDS: off
MetaspaceReclaimPolicy: balanced
 - commit_granule_bytes: 65536.
 - commit_granule_words: 8192.
 - virtual_space_node_default_size: 1048576.
 - enlarge_chunks_in_place: 1.
 - new_chunks_are_fully_committed: 0.
 - uncommit_free_chunks: 1.
 - use_allocation_guard: 0.
 - handle_deallocations: 1.


Internal statistics:

num_allocs_failed_limit: 9.
num_arena_births: 504.
num_arena_deaths: 14.
num_vsnodes_births: 9.
num_vsnodes_deaths: 0.
num_space_committed: 1128.
num_space_uncommitted: 0.
num_chunks_returned_to_freelist: 23.
num_chunks_taken_from_freelist: 3155.
num_chunk_merges: 10.
num_chunk_splits: 2114.
num_chunks_enlarged: 1461.
num_purges: 2.
num_inconsistent_stats: 0.

CodeHeap 'non-profiled nmethods': size=120000Kb used=8974Kb max_used=8974Kb free=111025Kb
 bounds [0x000002a4c8f80000, 0x000002a4c9850000, 0x000002a4d04b0000]
CodeHeap 'profiled nmethods': size=120000Kb used=21410Kb max_used=21410Kb free=98589Kb
 bounds [0x000002a4c1a50000, 0x000002a4c2f50000, 0x000002a4c8f80000]
CodeHeap 'non-nmethods': size=5760Kb used=1366Kb max_used=1498Kb free=4393Kb
 bounds [0x000002a4c14b0000, 0x000002a4c1720000, 0x000002a4c1a50000]
 total_blobs=10458 nmethods=9749 adapters=622
 compilation: enabled
              stopped_count=0, restarted_count=0
 full_count=0

Compilation events (20 events):
Event: 400.072 Thread 0x000002a4d418f4a0 12298       3       org.eclipse.jdt.core.dom.DefaultASTVisitor::endVisit (6 bytes)
Event: 400.072 Thread 0x000002a4d418f4a0 nmethod 12298 0x000002a4c2914690 code [0x000002a4c2914840, 0x000002a4c2914a08]
Event: 400.072 Thread 0x000002a4d418f4a0 12299       1       org.eclipse.jdt.core.dom.DefaultCommentMapper$CommentMapperVisitor::visit (2 bytes)
Event: 400.072 Thread 0x000002a4d418f4a0 nmethod 12299 0x000002a4c983b090 code [0x000002a4c983b220, 0x000002a4c983b2f8]
Event: 400.073 Thread 0x000002a4d418f4a0 12300       3       org.eclipse.jdt.core.dom.TypeBinding::resolveAnnotationBindings (130 bytes)
Event: 400.073 Thread 0x000002a4d418f4a0 nmethod 12300 0x000002a4c2913910 code [0x000002a4c2913b20, 0x000002a4c2914438]
Event: 400.074 Thread 0x000002a4d418f4a0 12301       3       org.eclipse.jdt.internal.compiler.lookup.ElementValuePair$UnresolvedEnumConstant::getResolved (42 bytes)
Event: 400.074 Thread 0x000002a4d418f4a0 nmethod 12301 0x000002a4c2913210 code [0x000002a4c29133e0, 0x000002a4c2913808]
Event: 400.075 Thread 0x000002a4d418f4a0 12302       3       com.google.gson.internal.bind.ObjectTypeAdapter$1::create (25 bytes)
Event: 400.075 Thread 0x000002a4d418f4a0 nmethod 12302 0x000002a4c2912b10 code [0x000002a4c2912ce0, 0x000002a4c2913098]
Event: 400.082 Thread 0x000002a4d418f4a0 12303       3       org.eclipse.jdt.internal.core.search.indexing.BinaryIndexer::addPairValue (132 bytes)
Event: 400.083 Thread 0x000002a4d418f4a0 nmethod 12303 0x000002a4c2911190 code [0x000002a4c2911480, 0x000002a4c29126c8]
Event: 400.098 Thread 0x000002a4d418f4a0 12304       3       org.eclipse.jdt.internal.core.search.indexing.BinaryIndexer::addBinaryStandardAnnotations (238 bytes)
Event: 400.099 Thread 0x000002a4e655dd80 nmethod 12250 0x000002a4c983b390 code [0x000002a4c983b7a0, 0x000002a4c983ebc8]
Event: 400.100 Thread 0x000002a4e655dd80 12264       4       org.eclipse.jdt.internal.core.search.indexing.AbstractIndexer::addMethodDeclaration (98 bytes)
Event: 400.101 Thread 0x000002a4d418f4a0 nmethod 12304 0x000002a4c2984e10 code [0x000002a4c2985460, 0x000002a4c2988e48]
Event: 400.121 Thread 0x000002a4e655dd80 nmethod 12264 0x000002a4c9841810 code [0x000002a4c9841a20, 0x000002a4c9842b90]
Event: 400.121 Thread 0x000002a4e655dd80 12306       4       org.eclipse.jdt.internal.compiler.util.Util::scanIdentifier (71 bytes)
Event: 400.122 Thread 0x000002a4e655dd80 nmethod 12306 0x000002a4c9843590 code [0x000002a4c9843720, 0x000002a4c98438d8]
Event: 400.122 Thread 0x000002a4e655dd80 12289 % !   4       org.eclipse.jdt.internal.compiler.lookup.BinaryTypeBinding::createFields @ 87 (619 bytes)

GC Heap History (20 events):
Event: 400.051 GC heap before
{Heap before GC invocations=376 (full 11):
 PSYoungGen      total 3584K, used 3574K [0x00000000eab00000, 0x00000000eb200000, 0x0000000100000000)
  eden space 1536K, 100% used [0x00000000eab00000,0x00000000eac80000,0x00000000eac80000)
  from space 2048K, 99% used [0x00000000eaf00000,0x00000000eb0fd808,0x00000000eb100000)
  to   space 2560K, 0% used [0x00000000eac80000,0x00000000eac80000,0x00000000eaf00000)
 ParOldGen       total 127488K, used 114106K [0x00000000c0000000, 0x00000000c7c80000, 0x00000000eab00000)
  object space 127488K, 89% used [0x00000000c0000000,0x00000000c6f6ebe8,0x00000000c7c80000)
 Metaspace       used 71176K, committed 72128K, reserved 1114112K
  class space    used 7237K, committed 7680K, reserved 1048576K
}
Event: 400.052 GC heap after
{Heap after GC invocations=376 (full 11):
 PSYoungGen      total 4096K, used 1686K [0x00000000eab00000, 0x00000000eb100000, 0x0000000100000000)
  eden space 1536K, 0% used [0x00000000eab00000,0x00000000eab00000,0x00000000eac80000)
  from space 2560K, 65% used [0x00000000eac80000,0x00000000eae25808,0x00000000eaf00000)
  to   space 2048K, 0% used [0x00000000eaf00000,0x00000000eaf00000,0x00000000eb100000)
 ParOldGen       total 127488K, used 115051K [0x00000000c0000000, 0x00000000c7c80000, 0x00000000eab00000)
  object space 127488K, 90% used [0x00000000c0000000,0x00000000c705ae88,0x00000000c7c80000)
 Metaspace       used 71176K, committed 72128K, reserved 1114112K
  class space    used 7237K, committed 7680K, reserved 1048576K
}
Event: 400.057 GC heap before
{Heap before GC invocations=377 (full 11):
 PSYoungGen      total 4096K, used 3221K [0x00000000eab00000, 0x00000000eb100000, 0x0000000100000000)
  eden space 1536K, 99% used [0x00000000eab00000,0x00000000eac7ffa8,0x00000000eac80000)
  from space 2560K, 65% used [0x00000000eac80000,0x00000000eae25808,0x00000000eaf00000)
  to   space 2048K, 0% used [0x00000000eaf00000,0x00000000eaf00000,0x00000000eb100000)
 ParOldGen       total 127488K, used 115051K [0x00000000c0000000, 0x00000000c7c80000, 0x00000000eab00000)
  object space 127488K, 90% used [0x00000000c0000000,0x00000000c705ae88,0x00000000c7c80000)
 Metaspace       used 71176K, committed 72128K, reserved 1114112K
  class space    used 7237K, committed 7680K, reserved 1048576K
}
Event: 400.058 GC heap after
{Heap after GC invocations=377 (full 11):
 PSYoungGen      total 3072K, used 828K [0x00000000eab00000, 0x00000000eb000000, 0x0000000100000000)
  eden space 2048K, 0% used [0x00000000eab00000,0x00000000eab00000,0x00000000ead00000)
  from space 1024K, 80% used [0x00000000eaf00000,0x00000000eafcf018,0x00000000eb000000)
  to   space 1536K, 0% used [0x00000000ead00000,0x00000000ead00000,0x00000000eae80000)
 ParOldGen       total 127488K, used 115811K [0x00000000c0000000, 0x00000000c7c80000, 0x00000000eab00000)
  object space 127488K, 90% used [0x00000000c0000000,0x00000000c7118e88,0x00000000c7c80000)
 Metaspace       used 71176K, committed 72128K, reserved 1114112K
  class space    used 7237K, committed 7680K, reserved 1048576K
}
Event: 400.062 GC heap before
{Heap before GC invocations=378 (full 11):
 PSYoungGen      total 3072K, used 2876K [0x00000000eab00000, 0x00000000eb000000, 0x0000000100000000)
  eden space 2048K, 100% used [0x00000000eab00000,0x00000000ead00000,0x00000000ead00000)
  from space 1024K, 80% used [0x00000000eaf00000,0x00000000eafcf018,0x00000000eb000000)
  to   space 1536K, 0% used [0x00000000ead00000,0x00000000ead00000,0x00000000eae80000)
 ParOldGen       total 127488K, used 115811K [0x00000000c0000000, 0x00000000c7c80000, 0x00000000eab00000)
  object space 127488K, 90% used [0x00000000c0000000,0x00000000c7118e88,0x00000000c7c80000)
 Metaspace       used 71177K, committed 72128K, reserved 1114112K
  class space    used 7237K, committed 7680K, reserved 1048576K
}
Event: 400.063 GC heap after
{Heap after GC invocations=378 (full 11):
 PSYoungGen      total 3584K, used 1084K [0x00000000eab00000, 0x00000000eb080000, 0x0000000100000000)
  eden space 2048K, 0% used [0x00000000eab00000,0x00000000eab00000,0x00000000ead00000)
  from space 1536K, 70% used [0x00000000ead00000,0x00000000eae0f018,0x00000000eae80000)
  to   space 1536K, 0% used [0x00000000eaf00000,0x00000000eaf00000,0x00000000eb080000)
 ParOldGen       total 127488K, used 116243K [0x00000000c0000000, 0x00000000c7c80000, 0x00000000eab00000)
  object space 127488K, 91% used [0x00000000c0000000,0x00000000c7184e88,0x00000000c7c80000)
 Metaspace       used 71177K, committed 72128K, reserved 1114112K
  class space    used 7237K, committed 7680K, reserved 1048576K
}
Event: 400.068 GC heap before
{Heap before GC invocations=379 (full 11):
 PSYoungGen      total 3584K, used 3132K [0x00000000eab00000, 0x00000000eb080000, 0x0000000100000000)
  eden space 2048K, 100% used [0x00000000eab00000,0x00000000ead00000,0x00000000ead00000)
  from space 1536K, 70% used [0x00000000ead00000,0x00000000eae0f018,0x00000000eae80000)
  to   space 1536K, 0% used [0x00000000eaf00000,0x00000000eaf00000,0x00000000eb080000)
 ParOldGen       total 127488K, used 116243K [0x00000000c0000000, 0x00000000c7c80000, 0x00000000eab00000)
  object space 127488K, 91% used [0x00000000c0000000,0x00000000c7184e88,0x00000000c7c80000)
 Metaspace       used 71181K, committed 72128K, reserved 1114112K
  class space    used 7237K, committed 7680K, reserved 1048576K
}
Event: 400.069 GC heap after
{Heap after GC invocations=379 (full 11):
 PSYoungGen      total 3584K, used 752K [0x00000000eab00000, 0x00000000eb000000, 0x0000000100000000)
  eden space 2560K, 0% used [0x00000000eab00000,0x00000000eab00000,0x00000000ead80000)
  from space 1024K, 73% used [0x00000000eaf00000,0x00000000eafbc010,0x00000000eb000000)
  to   space 1024K, 0% used [0x00000000eae00000,0x00000000eae00000,0x00000000eaf00000)
 ParOldGen       total 127488K, used 117161K [0x00000000c0000000, 0x00000000c7c80000, 0x00000000eab00000)
  object space 127488K, 91% used [0x00000000c0000000,0x00000000c726a7f8,0x00000000c7c80000)
 Metaspace       used 71181K, committed 72128K, reserved 1114112K
  class space    used 7237K, committed 7680K, reserved 1048576K
}
Event: 400.076 GC heap before
{Heap before GC invocations=380 (full 11):
 PSYoungGen      total 3584K, used 3312K [0x00000000eab00000, 0x00000000eb000000, 0x0000000100000000)
  eden space 2560K, 100% used [0x00000000eab00000,0x00000000ead80000,0x00000000ead80000)
  from space 1024K, 73% used [0x00000000eaf00000,0x00000000eafbc010,0x00000000eb000000)
  to   space 1024K, 0% used [0x00000000eae00000,0x00000000eae00000,0x00000000eaf00000)
 ParOldGen       total 127488K, used 117161K [0x00000000c0000000, 0x00000000c7c80000, 0x00000000eab00000)
  object space 127488K, 91% used [0x00000000c0000000,0x00000000c726a7f8,0x00000000c7c80000)
 Metaspace       used 71184K, committed 72128K, reserved 1114112K
  class space    used 7237K, committed 7680K, reserved 1048576K
}
Event: 400.077 GC heap after
{Heap after GC invocations=380 (full 11):
 PSYoungGen      total 4096K, used 672K [0x00000000eab00000, 0x00000000eb000000, 0x0000000100000000)
  eden space 3072K, 0% used [0x00000000eab00000,0x00000000eab00000,0x00000000eae00000)
  from space 1024K, 65% used [0x00000000eae00000,0x00000000eaea8000,0x00000000eaf00000)
  to   space 1024K, 0% used [0x00000000eaf00000,0x00000000eaf00000,0x00000000eb000000)
 ParOldGen       total 127488K, used 117766K [0x00000000c0000000, 0x00000000c7c80000, 0x00000000eab00000)
  object space 127488K, 92% used [0x00000000c0000000,0x00000000c7301aa8,0x00000000c7c80000)
 Metaspace       used 71184K, committed 72128K, reserved 1114112K
  class space    used 7237K, committed 7680K, reserved 1048576K
}
Event: 400.085 GC heap before
{Heap before GC invocations=381 (full 11):
 PSYoungGen      total 4096K, used 3744K [0x00000000eab00000, 0x00000000eb000000, 0x0000000100000000)
  eden space 3072K, 100% used [0x00000000eab00000,0x00000000eae00000,0x00000000eae00000)
  from space 1024K, 65% used [0x00000000eae00000,0x00000000eaea8000,0x00000000eaf00000)
  to   space 1024K, 0% used [0x00000000eaf00000,0x00000000eaf00000,0x00000000eb000000)
 ParOldGen       total 127488K, used 117766K [0x00000000c0000000, 0x00000000c7c80000, 0x00000000eab00000)
  object space 127488K, 92% used [0x00000000c0000000,0x00000000c7301aa8,0x00000000c7c80000)
 Metaspace       used 71184K, committed 72128K, reserved 1114112K
  class space    used 7237K, committed 7680K, reserved 1048576K
}
Event: 400.086 GC heap after
{Heap after GC invocations=381 (full 11):
 PSYoungGen      total 4096K, used 640K [0x00000000eab00000, 0x00000000eb100000, 0x0000000100000000)
  eden space 3072K, 0% used [0x00000000eab00000,0x00000000eab00000,0x00000000eae00000)
  from space 1024K, 62% used [0x00000000eaf00000,0x00000000eafa0000,0x00000000eb000000)
  to   space 1024K, 0% used [0x00000000eae00000,0x00000000eae00000,0x00000000eaf00000)
 ParOldGen       total 127488K, used 118302K [0x00000000c0000000, 0x00000000c7c80000, 0x00000000eab00000)
  object space 127488K, 92% used [0x00000000c0000000,0x00000000c7387aa8,0x00000000c7c80000)
 Metaspace       used 71184K, committed 72128K, reserved 1114112K
  class space    used 7237K, committed 7680K, reserved 1048576K
}
Event: 400.098 GC heap before
{Heap before GC invocations=382 (full 11):
 PSYoungGen      total 4096K, used 3712K [0x00000000eab00000, 0x00000000eb100000, 0x0000000100000000)
  eden space 3072K, 100% used [0x00000000eab00000,0x00000000eae00000,0x00000000eae00000)
  from space 1024K, 62% used [0x00000000eaf00000,0x00000000eafa0000,0x00000000eb000000)
  to   space 1024K, 0% used [0x00000000eae00000,0x00000000eae00000,0x00000000eaf00000)
 ParOldGen       total 127488K, used 118302K [0x00000000c0000000, 0x00000000c7c80000, 0x00000000eab00000)
  object space 127488K, 92% used [0x00000000c0000000,0x00000000c7387aa8,0x00000000c7c80000)
 Metaspace       used 71187K, committed 72192K, reserved 1114112K
  class space    used 7237K, committed 7680K, reserved 1048576K
}
Event: 400.099 GC heap after
{Heap after GC invocations=382 (full 11):
 PSYoungGen      total 4096K, used 824K [0x00000000eab00000, 0x00000000eb100000, 0x0000000100000000)
  eden space 3072K, 0% used [0x00000000eab00000,0x00000000eab00000,0x00000000eae00000)
  from space 1024K, 80% used [0x00000000eae00000,0x00000000eaece008,0x00000000eaf00000)
  to   space 1024K, 0% used [0x00000000eb000000,0x00000000eb000000,0x00000000eb100000)
 ParOldGen       total 127488K, used 118869K [0x00000000c0000000, 0x00000000c7c80000, 0x00000000eab00000)
  object space 127488K, 93% used [0x00000000c0000000,0x00000000c74155b0,0x00000000c7c80000)
 Metaspace       used 71187K, committed 72192K, reserved 1114112K
  class space    used 7237K, committed 7680K, reserved 1048576K
}
Event: 400.107 GC heap before
{Heap before GC invocations=383 (full 11):
 PSYoungGen      total 4096K, used 3896K [0x00000000eab00000, 0x00000000eb100000, 0x0000000100000000)
  eden space 3072K, 100% used [0x00000000eab00000,0x00000000eae00000,0x00000000eae00000)
  from space 1024K, 80% used [0x00000000eae00000,0x00000000eaece008,0x00000000eaf00000)
  to   space 1024K, 0% used [0x00000000eb000000,0x00000000eb000000,0x00000000eb100000)
 ParOldGen       total 127488K, used 118869K [0x00000000c0000000, 0x00000000c7c80000, 0x00000000eab00000)
  object space 127488K, 93% used [0x00000000c0000000,0x00000000c74155b0,0x00000000c7c80000)
 Metaspace       used 71187K, committed 72192K, reserved 1114112K
  class space    used 7237K, committed 7680K, reserved 1048576K
}
Event: 400.108 GC heap after
{Heap after GC invocations=383 (full 11):
 PSYoungGen      total 5120K, used 768K [0x00000000eab00000, 0x00000000eb100000, 0x0000000100000000)
  eden space 4096K, 0% used [0x00000000eab00000,0x00000000eab00000,0x00000000eaf00000)
  from space 1024K, 75% used [0x00000000eb000000,0x00000000eb0c0000,0x00000000eb100000)
  to   space 1024K, 0% used [0x00000000eaf00000,0x00000000eaf00000,0x00000000eb000000)
 ParOldGen       total 127488K, used 119573K [0x00000000c0000000, 0x00000000c7c80000, 0x00000000eab00000)
  object space 127488K, 93% used [0x00000000c0000000,0x00000000c74c55b8,0x00000000c7c80000)
 Metaspace       used 71187K, committed 72192K, reserved 1114112K
  class space    used 7237K, committed 7680K, reserved 1048576K
}
Event: 400.119 GC heap before
{Heap before GC invocations=384 (full 11):
 PSYoungGen      total 5120K, used 4864K [0x00000000eab00000, 0x00000000eb100000, 0x0000000100000000)
  eden space 4096K, 100% used [0x00000000eab00000,0x00000000eaf00000,0x00000000eaf00000)
  from space 1024K, 75% used [0x00000000eb000000,0x00000000eb0c0000,0x00000000eb100000)
  to   space 1024K, 0% used [0x00000000eaf00000,0x00000000eaf00000,0x00000000eb000000)
 ParOldGen       total 127488K, used 119573K [0x00000000c0000000, 0x00000000c7c80000, 0x00000000eab00000)
  object space 127488K, 93% used [0x00000000c0000000,0x00000000c74c55b8,0x00000000c7c80000)
 Metaspace       used 71187K, committed 72192K, reserved 1114112K
  class space    used 7237K, committed 7680K, reserved 1048576K
}
Event: 400.120 GC heap after
{Heap after GC invocations=384 (full 11):
 PSYoungGen      total 5120K, used 800K [0x00000000eab00000, 0x00000000eb100000, 0x0000000100000000)
  eden space 4096K, 0% used [0x00000000eab00000,0x00000000eab00000,0x00000000eaf00000)
  from space 1024K, 78% used [0x00000000eaf00000,0x00000000eafc8000,0x00000000eb000000)
  to   space 1024K, 0% used [0x00000000eb000000,0x00000000eb000000,0x00000000eb100000)
 ParOldGen       total 127488K, used 120093K [0x00000000c0000000, 0x00000000c7c80000, 0x00000000eab00000)
  object space 127488K, 94% used [0x00000000c0000000,0x00000000c75475b8,0x00000000c7c80000)
 Metaspace       used 71187K, committed 72192K, reserved 1114112K
  class space    used 7237K, committed 7680K, reserved 1048576K
}
Event: 400.129 GC heap before
{Heap before GC invocations=385 (full 11):
 PSYoungGen      total 5120K, used 4896K [0x00000000eab00000, 0x00000000eb100000, 0x0000000100000000)
  eden space 4096K, 100% used [0x00000000eab00000,0x00000000eaf00000,0x00000000eaf00000)
  from space 1024K, 78% used [0x00000000eaf00000,0x00000000eafc8000,0x00000000eb000000)
  to   space 1024K, 0% used [0x00000000eb000000,0x00000000eb000000,0x00000000eb100000)
 ParOldGen       total 127488K, used 120093K [0x00000000c0000000, 0x00000000c7c80000, 0x00000000eab00000)
  object space 127488K, 94% used [0x00000000c0000000,0x00000000c75475b8,0x00000000c7c80000)
 Metaspace       used 71187K, committed 72192K, reserved 1114112K
  class space    used 7237K, committed 7680K, reserved 1048576K
}
Event: 400.130 GC heap after
{Heap after GC invocations=385 (full 11):
 PSYoungGen      total 5120K, used 704K [0x00000000eab00000, 0x00000000eb100000, 0x0000000100000000)
  eden space 4096K, 0% used [0x00000000eab00000,0x00000000eab00000,0x00000000eaf00000)
  from space 1024K, 68% used [0x00000000eb000000,0x00000000eb0b0000,0x00000000eb100000)
  to   space 1024K, 0% used [0x00000000eaf00000,0x00000000eaf00000,0x00000000eb000000)
 ParOldGen       total 127488K, used 120773K [0x00000000c0000000, 0x00000000c7c80000, 0x00000000eab00000)
  object space 127488K, 94% used [0x00000000c0000000,0x00000000c75f15b8,0x00000000c7c80000)
 Metaspace       used 71187K, committed 72192K, reserved 1114112K
  class space    used 7237K, committed 7680K, reserved 1048576K
}

Dll operation events (11 events):
Event: 0.016 Loaded shared library c:\Users\dalto\.vscode\extensions\redhat.java-1.13.0-win32-x64\jre\17.0.5-win32-x86_64\bin\java.dll
Event: 0.202 Loaded shared library c:\Users\dalto\.vscode\extensions\redhat.java-1.13.0-win32-x64\jre\17.0.5-win32-x86_64\bin\zip.dll
Event: 0.205 Loaded shared library C:\Users\dalto\.vscode\extensions\redhat.java-1.13.0-win32-x64\jre\17.0.5-win32-x86_64\bin\instrument.dll
Event: 0.228 Loaded shared library C:\Users\dalto\.vscode\extensions\redhat.java-1.13.0-win32-x64\jre\17.0.5-win32-x86_64\bin\net.dll
Event: 0.230 Loaded shared library C:\Users\dalto\.vscode\extensions\redhat.java-1.13.0-win32-x64\jre\17.0.5-win32-x86_64\bin\nio.dll
Event: 0.238 Loaded shared library C:\Users\dalto\.vscode\extensions\redhat.java-1.13.0-win32-x64\jre\17.0.5-win32-x86_64\bin\zip.dll
Event: 0.256 Loaded shared library C:\Users\dalto\.vscode\extensions\redhat.java-1.13.0-win32-x64\jre\17.0.5-win32-x86_64\bin\jimage.dll
Event: 0.323 Loaded shared library c:\Users\dalto\.vscode\extensions\redhat.java-1.13.0-win32-x64\jre\17.0.5-win32-x86_64\bin\verify.dll
Event: 1.480 Loaded shared library C:\Users\dalto\AppData\Roaming\Code\User\globalStorage\redhat.java\1.13.0\config_win\org.eclipse.equinox.launcher\org.eclipse.equinox.launcher.win32.win32.x86_64_1.2.600.v20220720-1916\eclipse_11700.dll
Event: 3.335 Loaded shared library C:\Users\dalto\AppData\Local\Temp\jna-95349322\jna10079186917500709955.dll
Event: 12.159 Loaded shared library C:\Users\dalto\.vscode\extensions\redhat.java-1.13.0-win32-x64\jre\17.0.5-win32-x86_64\bin\sunmscapi.dll

Deoptimization events (20 events):
Event: 400.047 Thread 0x000002a4d9405ad0 DEOPT PACKING pc=0x000002a4c262e6ab sp=0x000000beab9fee20
Event: 400.047 Thread 0x000002a4d9405ad0 DEOPT UNPACKING pc=0x000002a4c1502843 sp=0x000000beab9fe380 mode 0
Event: 400.074 Thread 0x000002a4d9405ad0 DEOPT PACKING pc=0x000002a4c262e6ab sp=0x000000beab9fee20
Event: 400.074 Thread 0x000002a4d9405ad0 DEOPT UNPACKING pc=0x000002a4c1502843 sp=0x000000beab9fe380 mode 0
Event: 400.078 Thread 0x000002a4d9405ad0 DEOPT PACKING pc=0x000002a4c262e6ab sp=0x000000beab9fee20
Event: 400.078 Thread 0x000002a4d9405ad0 DEOPT UNPACKING pc=0x000002a4c1502843 sp=0x000000beab9fe380 mode 0
Event: 400.091 Thread 0x000002a4d9405ad0 DEOPT PACKING pc=0x000002a4c262e6ab sp=0x000000beab9fee20
Event: 400.091 Thread 0x000002a4d9405ad0 DEOPT UNPACKING pc=0x000002a4c1502843 sp=0x000000beab9fe380 mode 0
Event: 400.097 Thread 0x000002a4d9405ad0 DEOPT PACKING pc=0x000002a4c262e6ab sp=0x000000beab9fee20
Event: 400.097 Thread 0x000002a4d9405ad0 DEOPT UNPACKING pc=0x000002a4c1502843 sp=0x000000beab9fe380 mode 0
Event: 400.103 Thread 0x000002a4d9405ad0 DEOPT PACKING pc=0x000002a4c262e6ab sp=0x000000beab9fee20
Event: 400.103 Thread 0x000002a4d9405ad0 DEOPT UNPACKING pc=0x000002a4c1502843 sp=0x000000beab9fe380 mode 0
Event: 400.109 Thread 0x000002a4d9405ad0 DEOPT PACKING pc=0x000002a4c262e6ab sp=0x000000beab9fee20
Event: 400.109 Thread 0x000002a4d9405ad0 DEOPT UNPACKING pc=0x000002a4c1502843 sp=0x000000beab9fe380 mode 0
Event: 400.111 Thread 0x000002a4d9405ad0 DEOPT PACKING pc=0x000002a4c262e6ab sp=0x000000beab9fee20
Event: 400.111 Thread 0x000002a4d9405ad0 DEOPT UNPACKING pc=0x000002a4c1502843 sp=0x000000beab9fe380 mode 0
Event: 400.125 Thread 0x000002a4d9405ad0 DEOPT PACKING pc=0x000002a4c262e6ab sp=0x000000beab9fee20
Event: 400.125 Thread 0x000002a4d9405ad0 DEOPT UNPACKING pc=0x000002a4c1502843 sp=0x000000beab9fe380 mode 0
Event: 400.135 Thread 0x000002a4d9405ad0 DEOPT PACKING pc=0x000002a4c262e6ab sp=0x000000beab9fee20
Event: 400.135 Thread 0x000002a4d9405ad0 DEOPT UNPACKING pc=0x000002a4c1502843 sp=0x000000beab9fe380 mode 0

Classes unloaded (7 events):
Event: 2.491 Thread 0x000002a4d4161fd0 Unloading class 0x000000010021a400 'java/lang/invoke/LambdaForm$MH+0x000000010021a400'
Event: 2.491 Thread 0x000002a4d4161fd0 Unloading class 0x000000010021a000 'java/lang/invoke/LambdaForm$MH+0x000000010021a000'
Event: 2.491 Thread 0x000002a4d4161fd0 Unloading class 0x0000000100219c00 'java/lang/invoke/LambdaForm$MH+0x0000000100219c00'
Event: 2.491 Thread 0x000002a4d4161fd0 Unloading class 0x0000000100219800 'java/lang/invoke/LambdaForm$MH+0x0000000100219800'
Event: 2.491 Thread 0x000002a4d4161fd0 Unloading class 0x0000000100219000 'java/lang/invoke/LambdaForm$BMH+0x0000000100219000'
Event: 2.491 Thread 0x000002a4d4161fd0 Unloading class 0x0000000100218c00 'java/lang/invoke/LambdaForm$DMH+0x0000000100218c00'
Event: 2.491 Thread 0x000002a4d4161fd0 Unloading class 0x0000000100216000 'java/lang/invoke/LambdaForm$DMH+0x0000000100216000'

Classes redefined (0 events):
No events

Internal exceptions (20 events):
Event: 359.395 Thread 0x000002a4d6d23090 Exception <a 'sun/nio/fs/WindowsException'{0x00000000eab7b258}> (0x00000000eab7b258) 
thrown [s\src\hotspot\share\prims\jni.cpp, line 516]
Event: 391.119 Thread 0x000002a4d6d23090 Implicit null exception at 0x000002a4c97128c0 to 0x000002a4c9713e4c
Event: 391.129 Thread 0x000002a4d6d23090 Exception <a 'sun/nio/fs/WindowsException'{0x00000000eab5d258}> (0x00000000eab5d258) 
thrown [s\src\hotspot\share\prims\jni.cpp, line 516]
Event: 391.293 Thread 0x000002a4d6d23090 Exception <a 'sun/nio/fs/WindowsException'{0x00000000eab7b028}> (0x00000000eab7b028) 
thrown [s\src\hotspot\share\prims\jni.cpp, line 516]
Event: 391.378 Thread 0x000002a4dacfcc30 Implicit null exception at 0x000002a4c9683ee7 to 0x000002a4c96866d4
Event: 391.601 Thread 0x000002a4d6d23090 Implicit null exception at 0x000002a4c92b582c to 0x000002a4c92b594c
Event: 391.602 Thread 0x000002a4dacfcc30 Exception <a 'java/lang/ClassNotFoundException'{0x00000000eb0fc388}: sun/net/www/protocol/jdt/Handler> (0x00000000eb0fc388) 
thrown [s\src\hotspot\share\classfile\systemDictionary.cpp, line 256]
Event: 391.602 Thread 0x000002a4dacfcc30 Exception <a 'java/lang/ClassNotFoundException'{0x00000000eb0feac8}: sun/net/www/protocol/jdt/Handler> (0x00000000eb0feac8) 
thrown [s\src\hotspot\share\classfile\systemDictionary.cpp, line 256]
Event: 391.602 Thread 0x000002a4dacfcc30 Exception <a 'java/lang/ClassNotFoundException'{0x00000000eb101db8}: sun/net/www/protocol/jdt/Handler> (0x00000000eb101db8) 
thrown [s\src\hotspot\share\classfile\systemDictionary.cpp, line 256]
Event: 391.602 Thread 0x000002a4dacfcc30 Exception <a 'java/lang/ClassNotFoundException'{0x00000000eb104650}: sun/net/www/protocol/jdt/Handler> (0x00000000eb104650) 
thrown [s\src\hotspot\share\classfile\systemDictionary.cpp, line 256]
Event: 391.602 Thread 0x000002a4dacfcc30 Exception <a 'java/lang/ClassNotFoundException'{0x00000000eb1694d0}: sun/net/www/protocol/jdt/Handler> (0x00000000eb1694d0) 
thrown [s\src\hotspot\share\classfile\systemDictionary.cpp, line 256]
Event: 391.603 Thread 0x000002a4dacfcc30 Exception <a 'java/lang/ClassNotFoundException'{0x00000000eb16bdd0}: sun/net/www/protocol/jdt/Handler> (0x00000000eb16bdd0) 
thrown [s\src\hotspot\share\classfile\systemDictionary.cpp, line 256]
Event: 391.887 Thread 0x000002a4d6d23090 Exception <a 'java/lang/ArrayIndexOutOfBoundsException'{0x00000000eab07cd8}: Index 252 out of bounds for length 0> (0x00000000eab07cd8) 
thrown [s\src\hotspot\share\interpreter\interpreterRuntime.cpp, line 428]
Event: 391.904 Thread 0x000002a4dacff780 Exception <a 'java/io/FileNotFoundException'{0x00000000eacc0ea8}> (0x00000000eacc0ea8) 
thrown [s\src\hotspot\share\prims\jni.cpp, line 516]
Event: 391.921 Thread 0x000002a4dacff780 Exception <a 'java/lang/NoSuchMethodError'{0x00000000eac0a7e8}: 'void java.lang.invoke.DirectMethodHandle$Holder.invokeVirtual(java.lang.Object, java.lang.Object)'> (0x00000000eac0a7e8) 
thrown [s\src\hotspot\share\interpreter\linkResolver.cpp, line 759]
Event: 391.928 Thread 0x000002a4dacff780 Implicit null exception at 0x000002a4c94cdc00 to 0x000002a4c94ceb9c
Event: 391.928 Thread 0x000002a4dacff780 Implicit null exception at 0x000002a4c94ba7d5 to 0x000002a4c94ba928
Event: 391.929 Thread 0x000002a4dacff780 Implicit null exception at 0x000002a4c951d3c8 to 0x000002a4c951d3eb
Event: 398.528 Thread 0x000002a4dacff780 Implicit null exception at 0x000002a4c9610162 to 0x000002a4c96153e0
Event: 400.136 Thread 0x000002a4d9405ad0 Implicit null exception at 0x000002a4c909eb3f to 0x0000000000000000

VM Operations (20 events):
Event: 400.051 Executing VM operation: ParallelGCFailedAllocation
Event: 400.052 Executing VM operation: ParallelGCFailedAllocation done
Event: 400.056 Executing VM operation: ParallelGCFailedAllocation
Event: 400.058 Executing VM operation: ParallelGCFailedAllocation done
Event: 400.062 Executing VM operation: ParallelGCFailedAllocation
Event: 400.063 Executing VM operation: ParallelGCFailedAllocation done
Event: 400.068 Executing VM operation: ParallelGCFailedAllocation
Event: 400.070 Executing VM operation: ParallelGCFailedAllocation done
Event: 400.076 Executing VM operation: ParallelGCFailedAllocation
Event: 400.077 Executing VM operation: ParallelGCFailedAllocation done
Event: 400.085 Executing VM operation: ParallelGCFailedAllocation
Event: 400.086 Executing VM operation: ParallelGCFailedAllocation done
Event: 400.098 Executing VM operation: ParallelGCFailedAllocation
Event: 400.099 Executing VM operation: ParallelGCFailedAllocation done
Event: 400.107 Executing VM operation: ParallelGCFailedAllocation
Event: 400.108 Executing VM operation: ParallelGCFailedAllocation done
Event: 400.119 Executing VM operation: ParallelGCFailedAllocation
Event: 400.120 Executing VM operation: ParallelGCFailedAllocation done
Event: 400.129 Executing VM operation: ParallelGCFailedAllocation
Event: 400.130 Executing VM operation: ParallelGCFailedAllocation done

Events (20 events):
Event: 391.888 loading class java/lang/Throwable$PrintStreamOrWriter done
Event: 391.888 loading class java/lang/Throwable$WrappedPrintWriter done
Event: 391.889 Thread 0x000002a4d9405ad0 Thread added: 0x000002a4d9405ad0
Event: 391.889 loading class java/lang/Throwable$WrappedPrintStream
Event: 391.889 loading class java/lang/Throwable$WrappedPrintStream done
Event: 391.890 Thread 0x000002a4d6d23090 Thread exited: 0x000002a4d6d23090
Event: 391.919 loading class java/util/stream/Streams$ConcatSpliterator$OfRef
Event: 391.919 loading class java/util/stream/Streams$ConcatSpliterator
Event: 391.919 loading class java/util/stream/Streams$ConcatSpliterator done
Event: 391.919 loading class java/util/stream/Streams$ConcatSpliterator$OfRef done
Event: 391.919 loading class java/util/stream/Streams$2
Event: 391.919 loading class java/util/stream/Streams$2 done
Event: 397.494 Thread 0x000002a4e655f1c0 Thread exited: 0x000002a4e655f1c0
Event: 397.791 Thread 0x000002a4e65596a0 Thread added: 0x000002a4e65596a0
Event: 398.343 Thread 0x000002a4e65596a0 Thread exited: 0x000002a4e65596a0
Event: 398.343 Thread 0x000002a4e655f6d0 Thread exited: 0x000002a4e655f6d0
Event: 398.535 Thread 0x000002a4e655dd80 Thread added: 0x000002a4e655dd80
Event: 398.535 Thread 0x000002a4e655f1c0 Thread added: 0x000002a4e655f1c0
Event: 399.940 Thread 0x000002a4e655f1c0 Thread exited: 0x000002a4e655f1c0
Event: 400.038 Thread 0x000002a4e655aff0 Thread added: 0x000002a4e655aff0


Dynamic libraries:
0x00007ff7c9e70000 - 0x00007ff7c9e7e000 	c:\Users\dalto\.vscode\extensions\redhat.java-1.13.0-win32-x64\jre\17.0.5-win32-x86_64\bin\java.exe
0x00007ffb777b0000 - 0x00007ffb779a8000 	C:\Windows\SYSTEM32\ntdll.dll
0x00007ffb76140000 - 0x00007ffb761ff000 	C:\Windows\System32\KERNEL32.DLL
0x00007ffb750b0000 - 0x00007ffb75382000 	C:\Windows\System32\KERNELBASE.dll
0x00007ffb75420000 - 0x00007ffb75520000 	C:\Windows\System32\ucrtbase.dll
0x00007ffb74880000 - 0x00007ffb74897000 	c:\Users\dalto\.vscode\extensions\redhat.java-1.13.0-win32-x64\jre\17.0.5-win32-x86_64\bin\jli.dll
0x00007ffb69d90000 - 0x00007ffb69da9000 	c:\Users\dalto\.vscode\extensions\redhat.java-1.13.0-win32-x64\jre\17.0.5-win32-x86_64\bin\VCRUNTIME140.dll
0x00007ffb76200000 - 0x00007ffb7639d000 	C:\Windows\System32\USER32.dll
0x00007ffb75080000 - 0x00007ffb750a2000 	C:\Windows\System32\win32u.dll
0x00007ffb742c0000 - 0x00007ffb7455a000 	C:\Windows\WinSxS\amd64_microsoft.windows.common-controls_6595b64144ccf1df_6.0.19041.1110_none_60b5254171f9507e\COMCTL32.dll
0x00007ffb76ec0000 - 0x00007ffb76eeb000 	C:\Windows\System32\GDI32.dll
0x00007ffb75950000 - 0x00007ffb759ee000 	C:\Windows\System32\msvcrt.dll
0x00007ffb75670000 - 0x00007ffb7577f000 	C:\Windows\System32\gdi32full.dll
0x00007ffb755d0000 - 0x00007ffb7566d000 	C:\Windows\System32\msvcp_win.dll
0x00007ffb76b00000 - 0x00007ffb76b32000 	C:\Windows\System32\IMM32.DLL
0x00007ffb74860000 - 0x00007ffb7486c000 	c:\Users\dalto\.vscode\extensions\redhat.java-1.13.0-win32-x64\jre\17.0.5-win32-x86_64\bin\vcruntime140_1.dll
0x00007ffa98e30000 - 0x00007ffa98ec1000 	c:\Users\dalto\.vscode\extensions\redhat.java-1.13.0-win32-x64\jre\17.0.5-win32-x86_64\bin\msvcp140.dll
0x00007ffa8d930000 - 0x00007ffa8e574000 	c:\Users\dalto\.vscode\extensions\redhat.java-1.13.0-win32-x64\jre\17.0.5-win32-x86_64\bin\server\jvm.dll
0x00007ffb77590000 - 0x00007ffb7763e000 	C:\Windows\System32\ADVAPI32.dll
0x00007ffb76cf0000 - 0x00007ffb76d8c000 	C:\Windows\System32\sechost.dll
0x00007ffb75800000 - 0x00007ffb75925000 	C:\Windows\System32\RPCRT4.dll
0x00007ffb52cb0000 - 0x00007ffb52cb9000 	C:\Windows\SYSTEM32\WSOCK32.dll
0x00007ffb77640000 - 0x00007ffb776ab000 	C:\Windows\System32\WS2_32.dll
0x00007ffb5c5e0000 - 0x00007ffb5c607000 	C:\Windows\SYSTEM32\WINMM.dll
0x00007ffb6c650000 - 0x00007ffb6c65a000 	C:\Windows\SYSTEM32\VERSION.dll
0x00007ffb73040000 - 0x00007ffb73052000 	C:\Windows\SYSTEM32\kernel.appcore.dll
0x00007ffb69de0000 - 0x00007ffb69dea000 	c:\Users\dalto\.vscode\extensions\redhat.java-1.13.0-win32-x64\jre\17.0.5-win32-x86_64\bin\jimage.dll
0x00007ffb748e0000 - 0x00007ffb74ac4000 	C:\Windows\SYSTEM32\DBGHELP.DLL
0x00007ffb74830000 - 0x00007ffb7485c000 	C:\Windows\SYSTEM32\dbgcore.DLL
0x00007ffb75390000 - 0x00007ffb75412000 	C:\Windows\System32\bcryptPrimitives.dll
0x00007ffb69d80000 - 0x00007ffb69d8e000 	c:\Users\dalto\.vscode\extensions\redhat.java-1.13.0-win32-x64\jre\17.0.5-win32-x86_64\bin\instrument.dll
0x00007ffb300c0000 - 0x00007ffb300e5000 	c:\Users\dalto\.vscode\extensions\redhat.java-1.13.0-win32-x64\jre\17.0.5-win32-x86_64\bin\java.dll
0x00007ffb4a520000 - 0x00007ffb4a538000 	c:\Users\dalto\.vscode\extensions\redhat.java-1.13.0-win32-x64\jre\17.0.5-win32-x86_64\bin\zip.dll
0x00007ffb759f0000 - 0x00007ffb76133000 	C:\Windows\System32\SHELL32.dll
0x00007ffb727e0000 - 0x00007ffb72f72000 	C:\Windows\SYSTEM32\windows.storage.dll
0x00007ffb770f0000 - 0x00007ffb77444000 	C:\Windows\System32\combase.dll
0x00007ffb74220000 - 0x00007ffb74250000 	C:\Windows\SYSTEM32\Wldp.dll
0x00007ffb76bd0000 - 0x00007ffb76c7d000 	C:\Windows\System32\SHCORE.dll
0x00007ffb76e60000 - 0x00007ffb76eb5000 	C:\Windows\System32\shlwapi.dll
0x00007ffb74df0000 - 0x00007ffb74e0f000 	C:\Windows\SYSTEM32\profapi.dll
0x00007ffb38b80000 - 0x00007ffb38b99000 	C:\Users\dalto\.vscode\extensions\redhat.java-1.13.0-win32-x64\jre\17.0.5-win32-x86_64\bin\net.dll
0x00007ffb6bd00000 - 0x00007ffb6be0c000 	C:\Windows\SYSTEM32\WINHTTP.dll
0x00007ffb73f10000 - 0x00007ffb73f7a000 	C:\Windows\system32\mswsock.dll
0x00007ffb300a0000 - 0x00007ffb300b5000 	C:\Users\dalto\.vscode\extensions\redhat.java-1.13.0-win32-x64\jre\17.0.5-win32-x86_64\bin\nio.dll
0x00007ffb65f40000 - 0x00007ffb65f50000 	c:\Users\dalto\.vscode\extensions\redhat.java-1.13.0-win32-x64\jre\17.0.5-win32-x86_64\bin\verify.dll
0x00007ffb1f370000 - 0x00007ffb1f3ae000 	C:\Users\dalto\AppData\Roaming\Code\User\globalStorage\redhat.java\1.13.0\config_win\org.eclipse.equinox.launcher\org.eclipse.equinox.launcher.win32.win32.x86_64_1.2.600.v20220720-1916\eclipse_11700.dll
0x00007ffb77450000 - 0x00007ffb7757a000 	C:\Windows\System32\ole32.dll
0x00007ffb74c40000 - 0x00007ffb74c58000 	C:\Windows\SYSTEM32\CRYPTSP.dll
0x00007ffb738c0000 - 0x00007ffb738f4000 	C:\Windows\system32\rsaenh.dll
0x00007ffb757d0000 - 0x00007ffb757f7000 	C:\Windows\System32\bcrypt.dll
0x00007ffb74db0000 - 0x00007ffb74dde000 	C:\Windows\SYSTEM32\USERENV.dll
0x00007ffb741e0000 - 0x00007ffb741ec000 	C:\Windows\SYSTEM32\CRYPTBASE.dll
0x00007ffb73c40000 - 0x00007ffb73c7b000 	C:\Windows\SYSTEM32\IPHLPAPI.DLL
0x00007ffb76c80000 - 0x00007ffb76c88000 	C:\Windows\System32\NSI.dll
0x00007ffb6a9e0000 - 0x00007ffb6a9f7000 	C:\Windows\SYSTEM32\dhcpcsvc6.DLL
0x00007ffb6b760000 - 0x00007ffb6b77d000 	C:\Windows\SYSTEM32\dhcpcsvc.DLL
0x00007ffb73c80000 - 0x00007ffb73d4a000 	C:\Windows\SYSTEM32\DNSAPI.dll
0x00007ffaeb7b0000 - 0x00007ffaeb7f0000 	C:\Users\dalto\AppData\Local\Temp\jna-95349322\jna10079186917500709955.dll
0x00007ffb77580000 - 0x00007ffb77588000 	C:\Windows\System32\PSAPI.DLL
0x00007ffb64340000 - 0x00007ffb6434e000 	C:\Users\dalto\.vscode\extensions\redhat.java-1.13.0-win32-x64\jre\17.0.5-win32-x86_64\bin\sunmscapi.dll
0x00007ffb74f20000 - 0x00007ffb75076000 	C:\Windows\System32\CRYPT32.dll
0x00007ffb74290000 - 0x00007ffb742b7000 	C:\Windows\SYSTEM32\ncrypt.dll
0x00007ffb74250000 - 0x00007ffb7428b000 	C:\Windows\SYSTEM32\NTASN1.dll

dbghelp: loaded successfully - version: 4.0.5 - missing functions: none
symbol engine: initialized successfully - sym options: 0x614 - pdb path: .;c:\Users\dalto\.vscode\extensions\redhat.java-1.13.0-win32-x64\jre\17.0.5-win32-x86_64\bin;C:\Windows\SYSTEM32;C:\Windows\WinSxS\amd64_microsoft.windows.common-controls_6595b64144ccf1df_6.0.19041.1110_none_60b5254171f9507e;c:\Users\dalto\.vscode\extensions\redhat.java-1.13.0-win32-x64\jre\17.0.5-win32-x86_64\bin\server;C:\Users\dalto\AppData\Roaming\Code\User\globalStorage\redhat.java\1.13.0\config_win\org.eclipse.equinox.launcher\org.eclipse.equinox.launcher.win32.win32.x86_64_1.2.600.v20220720-1916;C:\Users\dalto\AppData\Local\Temp\jna-95349322

VM Arguments:
jvm_args: --add-modules=ALL-SYSTEM --add-opens=java.base/java.util=ALL-UNNAMED --add-opens=java.base/java.lang=ALL-UNNAMED --add-opens=java.base/sun.nio.fs=ALL-UNNAMED -Declipse.application=org.eclipse.jdt.ls.core.id1 -Dosgi.bundles.defaultStartLevel=4 -Declipse.product=org.eclipse.jdt.ls.core.product -Djava.import.generatesMetadataFilesAtProjectRoot=false -Dfile.encoding=utf8 -XX:+UseParallelGC -XX:GCTimeRatio=4 -XX:AdaptiveSizePolicyWeight=90 -Dsun.zip.disableMemoryMapping=true -Xmx1G -Xms100m -Xlog:disable -javaagent:c:\Users\dalto\.vscode\extensions\redhat.java-1.13.0-win32-x64\lombok\lombok-1.18.24.jar -XX:+HeapDumpOnOutOfMemoryError -XX:HeapDumpPath=c:\Users\dalto\AppData\Roaming\Code\User\workspaceStorage\09293175bc0bf76cdb84993f679abf5d\redhat.java 
java_command: c:\Users\dalto\.vscode\extensions\redhat.java-1.13.0-win32-x64\server\plugins\org.eclipse.equinox.launcher_1.6.400.v20210924-0641.jar -configuration c:\Users\dalto\AppData\Roaming\Code\User\globalStorage\redhat.java\1.13.0\config_win -data c:\Users\dalto\AppData\Roaming\Code\User\workspaceStorage\09293175bc0bf76cdb84993f679abf5d\redhat.java\jdt_ws
java_class_path (initial): c:\Users\dalto\.vscode\extensions\redhat.java-1.13.0-win32-x64\server\plugins\org.eclipse.equinox.launcher_1.6.400.v20210924-0641.jar
Launcher Type: SUN_STANDARD

[Global flags]
    uintx AdaptiveSizePolicyWeight                 = 90                                        {product} {command line}
     intx CICompilerCount                          = 4                                         {product} {ergonomic}
    uintx GCTimeRatio                              = 4                                         {product} {command line}
     bool HeapDumpOnOutOfMemoryError               = true                                   {manageable} {command line}
    ccstr HeapDumpPath                             = c:\Users\dalto\AppData\Roaming\Code\User\workspaceStorage\09293175bc0bf76cdb84993f679abf5d\redhat.java         {manageable} {command line}
   size_t InitialHeapSize                          = 104857600                                 {product} {command line}
   size_t MaxHeapSize                              = 1073741824                                {product} {command line}
   size_t MaxNewSize                               = 357564416                                 {product} {ergonomic}
   size_t MinHeapDeltaBytes                        = 524288                                    {product} {ergonomic}
   size_t MinHeapSize                              = 104857600                                 {product} {command line}
   size_t NewSize                                  = 34603008                                  {product} {ergonomic}
    uintx NonNMethodCodeHeapSize                   = 5839372                                {pd product} {ergonomic}
    uintx NonProfiledCodeHeapSize                  = 122909434                              {pd product} {ergonomic}
   size_t OldSize                                  = 70254592                                  {product} {ergonomic}
    uintx ProfiledCodeHeapSize                     = 122909434                              {pd product} {ergonomic}
    uintx ReservedCodeCacheSize                    = 251658240                              {pd product} {ergonomic}
     bool SegmentedCodeCache                       = true                                      {product} {ergonomic}
   size_t SoftMaxHeapSize                          = 1073741824                             {manageable} {ergonomic}
     bool UseCompressedClassPointers               = true                           {product lp64_product} {ergonomic}
     bool UseCompressedOops                        = true                           {product lp64_product} {ergonomic}
     bool UseLargePagesIndividualAllocation        = false                                  {pd product} {ergonomic}
     bool UseParallelGC                            = true                                      {product} {command line}

Logging:
Log output configuration:
 #0: stdout all=off uptime,level,tags
 #1: stderr all=off uptime,level,tags

Environment Variables:
PATH=C:\Program Files\Common Files\Oracle\Java\javapath;C:\Program Files (x86)\Razer Chroma SDK\bin;C:\Program Files\Razer Chroma SDK\bin;C:\Program Files (x86)\Razer\ChromaBroadcast\bin;C:\Program Files\Razer\ChromaBroadcast\bin;C:\VulkanSDK\1.2.182.0\Bin;C:\Program Files\PlasticSCM5\server;C:\Program Files\PlasticSCM5\client;C:\Program Files\Oculus\Support\oculus-runtime;C:\Windows\system32;C:\Windows;C:\Windows\System32\Wbem;C:\Windows\System32\WindowsPowerShell\v1.0\;C:\Windows\System32\OpenSSH\;C:\Program Files (x86)\NVIDIA Corporation\PhysX\Common;C:\Program Files\NVIDIA Corporation\NVIDIA NvDLISR;C:\Program Files\Git\cmd;C:\Program Files\CMake\bin;C:\Program Files (x86)\VTK\bin;C:\Windows\system32\config\systemprofile\AppData\Local\Microsoft\WindowsApps;C:\Program Files\Java\jdk-11.0.12\bin;C:\Program Files\dotnet\;C:\Users\dalto\AppData\Local\Programs\Microsoft VS Code\bin;C:\Program Files\MySQL\MySQL Shell 8.0\bin\;C:\Users\dalto\AppData\Local\Microsoft\WindowsApps;C:\Users\dalto\.dotnet\tools;C:\Users\dalto\AppData\Local\Programs\Microsoft VS Code\bin;C:\Program Files\Java\jdk-11.0.12\bin;C:\Users\dalto\AppData\Local\GitHubDesktop\bin
USERNAME=dalto
OS=Windows_NT
PROCESSOR_IDENTIFIER=Intel64 Family 6 Model 165 Stepping 2, GenuineIntel
TMP=C:\Users\dalto\AppData\Local\Temp
TEMP=C:\Users\dalto\AppData\Local\Temp



---------------  S Y S T E M  ---------------

OS:
 Windows 10 , 64 bit Build 19041 (10.0.19041.2251)
OS uptime: 0 days 3:05 hours
Hyper-V role detected

CPU: total 12 (initial active 12) (6 cores per cpu, 2 threads per core) family 6 model 165 stepping 2 microcode 0xc8, cx8, cmov, fxsr, ht, mmx, 3dnowpref, sse, sse2, sse3, ssse3, sse4.1, sse4.2, popcnt, lzcnt, tsc, tscinvbit, avx, avx2, aes, erms, clmul, bmi1, bmi2, adx, fma, vzeroupper, clflush, clflushopt, hv

Memory: 4k page, system-wide physical 16247M (2844M free)
TotalPageFile size 32494M (AvailPageFile size 6993M)
current process WorkingSet (physical memory assigned to process): 386M, peak: 386M
current process commit charge ("private bytes"): 420M, peak: 420M

vm_info: OpenJDK 64-Bit Server VM (17.0.5+8) for windows-amd64 JRE (17.0.5+8), built on Oct 19 2022 04:48:13 by "temurin" with MS VC++ 16.7 (VS2019)

END.
